ncverilog: 15.20-s039: (c) Copyright 1995-2017 Cadence Design Systems, Inc.
TOOL:	ncverilog	15.20-s039: Started on Jun 19, 2022 at 22:20:47 CST
ncverilog
	TESTBED.v
	+define+RTL
Recompiling... reason: file './PATTERN.v' is newer than expected.
	expected: Sun Jun 19 22:18:01 2022
	actual:   Sun Jun 19 22:20:36 2022
file: TESTBED.v
    $fscanf(pat_file, "%d\n", PATNUM);
          |
ncvlog: *W,NOSYST (PATTERN.v,64|10): System function '$fscanf' invoked as a task. Return value will be ignored.
(`include file: PATTERN.v line 64, file: TESTBED.v line 3)
	module worklib.PATTERN:v
		errors: 0, warnings: 1
module SD(
        |
ncvlog: *W,RECOME (./../src/SD.v,12|8): recompiling design unit worklib.SD:v.
	First compiled from line 12 of ../src/SD.v.
(`include file: ./../src/SD.v line 12, file: TESTBED.v line 5)
		Caching library 'worklib' ....... Done
	Elaborating the design hierarchy:
	Building instance overlay tables: .................... Done
	Generating native compiled code:
		worklib.PATTERN:v <0x2445eda3>
			streams:  15, words: 29662
	Building instance specific data structures.
	Loading native compiled code:     .................... Done
	Design hierarchy summary:
		                  Instances  Unique
		Modules:                  3       3
		Registers:               35      35
		Scalar wires:           256       -
		Vectored wires:          29       -
		Always blocks:           13      13
		Initial blocks:           7       7
		Cont. assignments:      279       7
		Simulation timescale:  10ps
	Writing initial simulation snapshot: worklib.TESTBED:v
Loading snapshot worklib.TESTBED:v .................... Done
SVSEED default: 1
*Verdi* Loading libsscore_ius152.so
ncsim> source /usr/cad/cadence/INCISIV/cur/tools/inca/files/ncsimrc
ncsim> run
FSDB Dumper for IUS, Release Verdi_Q-2020.03, Linux, 02/09/2020
(C) 1996 - 2020 by Synopsys, Inc.
*Verdi* FSDB WARNING: The FSDB file already exists. Overwriting the FSDB file may crash the programs that are using this file.
*Verdi* : Create FSDB file 'SD.fsdb'
*Verdi* : Begin traversing the scopes, layer (0).
*Verdi* : Enable +mda dumping.
*Verdi* WARNING: [NoReadAccess][FilterOut]Name:TESTBED.clk(36)
*Verdi* WARNING: [NoReadAccess][FilterOut]Name:TESTBED.rst_n(36)
*Verdi* WARNING: [NoReadAccess][FilterOut]Name:TESTBED.in_valid(36)
*Verdi* WARNING: [NoReadAccess][FilterOut]Name:TESTBED.in(36)
*Verdi* WARNING: [NoReadAccess][FilterOut]Name:TESTBED.out_valid(36)
*Verdi* WARNING: [NoReadAccess][FilterOut]Name:TESTBED.out(36)
*Verdi* WARNING: [NoReadAccess][FilterOut]Name:TESTBED.u_SD.out_valid(48)
*Verdi* WARNING: [NoReadAccess][FilterOut]Name:TESTBED.u_SD.out(48)
*Verdi* WARNING: [NoReadAccess][FilterOut]Name:TESTBED.u_SD.i(25)
*Verdi* WARNING: [NoReadAccess][FilterOut]Name:TESTBED.u_SD.j(25)
*Verdi* WARNING: [NoReadAccess][FilterOut]Name:TESTBED.u_SD.cur_state(48)
*Verdi* WARNING: [NoReadAccess][FilterOut]Name:TESTBED.u_SD.nx_state(48)
*Verdi* WARNING: [NoReadAccess][FilterOut]Name:TESTBED.u_SD.in_cnt(48)
*Verdi* WARNING: [NoReadAccess][FilterOut]Name:TESTBED.u_SD.grid(116)
*Verdi* WARNING: [NoReadAccess][FilterOut]Name:TESTBED.u_SD.space_x(116)
*Verdi* WARNING: [NoReadAccess][FilterOut]Name:TESTBED.u_SD.space_y(116)
*Verdi* WARNING: [NoReadAccess][FilterOut]Name:TESTBED.u_SD.cur_square(48)
*Verdi* WARNING: [NoReadAccess][FilterOut]Name:TESTBED.u_SD.IS_legal(48)
*Verdi* WARNING: [NoReadAccess][FilterOut]Name:TESTBED.u_SD.space_cnt(48)
*Verdi* WARNING: [NoReadAccess][FilterOut]Name:TESTBED.u_SD.value(48)
*Verdi* WARNING: [NoReadAccess][FilterOut]Name:TESTBED.u_SD.out_cnt(48)
*Verdi* WARNING: [NoReadAccess][FilterOut]Name:TESTBED.u_SD.clk(36)
*Verdi* WARNING: [NoReadAccess][FilterOut]Name:TESTBED.u_SD.rst_n(36)
*Verdi* WARNING: [NoReadAccess][FilterOut]Name:TESTBED.u_SD.in_valid(36)
*Verdi* WARNING: [NoReadAccess][FilterOut]Name:TESTBED.u_SD.in(36)
*Verdi* WARNING: [NoReadAccess][FilterOut]Name:TESTBED.u_SD.IS_exist_row(114)
*Verdi* WARNING: [NoReadAccess][FilterOut]Name:TESTBED.u_SD.IS_exist_col(114)
*Verdi* WARNING: [NoReadAccess][FilterOut]Name:TESTBED.u_SD.IS_exist_square(114)
*Verdi* WARNING: [NoReadAccess][FilterOut]Name:TESTBED.u_SD.IS_exist(114)
*Verdi* WARNING: [NoReadAccess][FilterOut]Name:TESTBED.u_SD.row_status(114)
*Verdi* WARNING: [NoReadAccess][FilterOut]Name:TESTBED.u_SD.col_status(114)
*Verdi* WARNING: [NoReadAccess][FilterOut]Name:TESTBED.u_SD.square_status(114)
*Verdi* WARNING: [NoReadAccess][FilterOut]Name:TESTBED.u_PATTERN.rst_n(48)
*Verdi* WARNING: [NoReadAccess][FilterOut]Name:TESTBED.u_PATTERN.in_valid(48)
*Verdi* WARNING: [NoReadAccess][FilterOut]Name:TESTBED.u_PATTERN.in(48)
*Verdi* WARNING: [NoReadAccess][FilterOut]Name:TESTBED.u_PATTERN.a(25)
*Verdi* WARNING: [NoReadAccess][FilterOut]Name:TESTBED.u_PATTERN.c(25)
*Verdi* WARNING: [NoReadAccess][FilterOut]Name:TESTBED.u_PATTERN.i(25)
*Verdi* WARNING: [NoReadAccess][FilterOut]Name:TESTBED.u_PATTERN.gap(25)
*Verdi* WARNING: [NoReadAccess][FilterOut]Name:TESTBED.u_PATTERN.pat_file(25)
*Verdi* WARNING: [NoReadAccess][FilterOut]Name:TESTBED.u_PATTERN.PATNUM(25)
*Verdi* WARNING: [NoReadAccess][FilterOut]Name:TESTBED.u_PATTERN.total_cycles(25)
*Verdi* WARNING: [NoReadAccess][FilterOut]Name:TESTBED.u_PATTERN.total_pat(25)
*Verdi* WARNING: [NoReadAccess][FilterOut]Name:TESTBED.u_PATTERN.patcount(25)
*Verdi* WARNING: [NoReadAccess][FilterOut]Name:TESTBED.u_PATTERN.cycles(25)
*Verdi* WARNING: [NoReadAccess][FilterOut]Name:TESTBED.u_PATTERN.color_stage(25)
*Verdi* WARNING: [NoReadAccess][FilterOut]Name:TESTBED.u_PATTERN.color(25)
*Verdi* WARNING: [NoReadAccess][FilterOut]Name:TESTBED.u_PATTERN.r(25)
*Verdi* WARNING: [NoReadAccess][FilterOut]Name:TESTBED.u_PATTERN.g(25)
*Verdi* WARNING: [NoReadAccess][FilterOut]Name:TESTBED.u_PATTERN.b(25)
*Verdi* WARNING: [NoReadAccess][FilterOut]Name:TESTBED.u_PATTERN.golden_out(48)
*Verdi* WARNING: [NoReadAccess][FilterOut]Name:TESTBED.u_PATTERN.out_valid(36)
*Verdi* WARNING: [NoReadAccess][FilterOut]Name:TESTBED.u_PATTERN.out(36)
*Verdi* : End of traversing.
[38;5;166mPASS PATTERN NO.   1[00m
[38;5;136mPASS PATTERN NO.   2[00m
[38;5;106mPASS PATTERN NO.   3[00m
[38;5;76mPASS PATTERN NO.   4[00m
[38;5;46mPASS PATTERN NO.   5[00m
[38;5;41mPASS PATTERN NO.   6[00m
[38;5;36mPASS PATTERN NO.   7[00m
[38;5;31mPASS PATTERN NO.   8[00m
[38;5;26mPASS PATTERN NO.   9[00m
[38;5;21mPASS PATTERN NO.  10[00m
[38;5;56mPASS PATTERN NO.  11[00m
[38;5;91mPASS PATTERN NO.  12[00m
[38;5;126mPASS PATTERN NO.  13[00m
[38;5;161mPASS PATTERN NO.  14[00m
[38;5;196mPASS PATTERN NO.  15[00m
[38;5;166mPASS PATTERN NO.  16[00m
[38;5;136mPASS PATTERN NO.  17[00m
[38;5;106mPASS PATTERN NO.  18[00m
[38;5;76mPASS PATTERN NO.  19[00m
[38;5;46mPASS PATTERN NO.  20[00m
[38;5;41mPASS PATTERN NO.  21[00m
[38;5;36mPASS PATTERN NO.  22[00m
[38;5;31mPASS PATTERN NO.  23[00m
[38;5;26mPASS PATTERN NO.  24[00m
[38;5;21mPASS PATTERN NO.  25[00m
[38;5;56mPASS PATTERN NO.  26[00m
[38;5;91mPASS PATTERN NO.  27[00m
[38;5;126mPASS PATTERN NO.  28[00m
[38;5;161mPASS PATTERN NO.  29[00m
[38;5;196mPASS PATTERN NO.  30[00m
[38;5;166mPASS PATTERN NO.  31[00m
[38;5;136mPASS PATTERN NO.  32[00m
[38;5;106mPASS PATTERN NO.  33[00m
[38;5;76mPASS PATTERN NO.  34[00m
[38;5;46mPASS PATTERN NO.  35[00m
[38;5;41mPASS PATTERN NO.  36[00m
[38;5;36mPASS PATTERN NO.  37[00m
[38;5;31mPASS PATTERN NO.  38[00m
[38;5;26mPASS PATTERN NO.  39[00m
[38;5;21mPASS PATTERN NO.  40[00m
[38;5;56mPASS PATTERN NO.  41[00m
[38;5;91mPASS PATTERN NO.  42[00m
[38;5;126mPASS PATTERN NO.  43[00m
[38;5;161mPASS PATTERN NO.  44[00m
[38;5;196mPASS PATTERN NO.  45[00m
[38;5;166mPASS PATTERN NO.  46[00m
[38;5;136mPASS PATTERN NO.  47[00m
[38;5;106mPASS PATTERN NO.  48[00m
[38;5;76mPASS PATTERN NO.  49[00m
[38;5;46mPASS PATTERN NO.  50[00m
[38;5;41mPASS PATTERN NO.  51[00m
[38;5;36mPASS PATTERN NO.  52[00m
[38;5;31mPASS PATTERN NO.  53[00m
[38;5;26mPASS PATTERN NO.  54[00m
[38;5;21mPASS PATTERN NO.  55[00m
[38;5;56mPASS PATTERN NO.  56[00m
[38;5;91mPASS PATTERN NO.  57[00m
[38;5;126mPASS PATTERN NO.  58[00m
[38;5;161mPASS PATTERN NO.  59[00m
[38;5;196mPASS PATTERN NO.  60[00m
[38;5;166mPASS PATTERN NO.  61[00m
[38;5;136mPASS PATTERN NO.  62[00m
[38;5;106mPASS PATTERN NO.  63[00m
[38;5;76mPASS PATTERN NO.  64[00m
[38;5;46mPASS PATTERN NO.  65[00m
[38;5;41mPASS PATTERN NO.  66[00m
[38;5;36mPASS PATTERN NO.  67[00m
[38;5;31mPASS PATTERN NO.  68[00m
[38;5;26mPASS PATTERN NO.  69[00m
[38;5;21mPASS PATTERN NO.  70[00m
[38;5;56mPASS PATTERN NO.  71[00m
[38;5;91mPASS PATTERN NO.  72[00m
[38;5;126mPASS PATTERN NO.  73[00m
[38;5;161mPASS PATTERN NO.  74[00m
[38;5;196mPASS PATTERN NO.  75[00m
[38;5;166mPASS PATTERN NO.  76[00m
[38;5;136mPASS PATTERN NO.  77[00m
[38;5;106mPASS PATTERN NO.  78[00m
[38;5;76mPASS PATTERN NO.  79[00m
[38;5;46mPASS PATTERN NO.  80[00m
[38;5;41mPASS PATTERN NO.  81[00m
[38;5;36mPASS PATTERN NO.  82[00m
[38;5;31mPASS PATTERN NO.  83[00m
[38;5;26mPASS PATTERN NO.  84[00m
[38;5;21mPASS PATTERN NO.  85[00m
[38;5;56mPASS PATTERN NO.  86[00m
[38;5;91mPASS PATTERN NO.  87[00m
[38;5;126mPASS PATTERN NO.  88[00m
[38;5;161mPASS PATTERN NO.  89[00m
[38;5;196mPASS PATTERN NO.  90[00m
[38;5;166mPASS PATTERN NO.  91[00m
[38;5;136mPASS PATTERN NO.  92[00m
[38;5;106mPASS PATTERN NO.  93[00m
[38;5;76mPASS PATTERN NO.  94[00m
[38;5;46mPASS PATTERN NO.  95[00m
[38;5;41mPASS PATTERN NO.  96[00m
[38;5;36mPASS PATTERN NO.  97[00m
[38;5;31mPASS PATTERN NO.  98[00m
[38;5;26mPASS PATTERN NO.  99[00m
[38;5;21mPASS PATTERN NO. 100[00m
[38;5;56mPASS PATTERN NO. 101[00m
[38;5;91mPASS PATTERN NO. 102[00m
[38;5;126mPASS PATTERN NO. 103[00m
[38;5;161mPASS PATTERN NO. 104[00m
[38;5;196mPASS PATTERN NO. 105[00m
[38;5;166mPASS PATTERN NO. 106[00m
[38;5;136mPASS PATTERN NO. 107[00m
[38;5;106mPASS PATTERN NO. 108[00m
[38;5;76mPASS PATTERN NO. 109[00m
[38;5;46mPASS PATTERN NO. 110[00m
[38;5;41mPASS PATTERN NO. 111[00m
[38;5;36mPASS PATTERN NO. 112[00m
[38;5;31mPASS PATTERN NO. 113[00m
[38;5;26mPASS PATTERN NO. 114[00m
[38;5;21mPASS PATTERN NO. 115[00m
[38;5;56mPASS PATTERN NO. 116[00m
[38;5;91mPASS PATTERN NO. 117[00m
[38;5;126mPASS PATTERN NO. 118[00m
[38;5;161mPASS PATTERN NO. 119[00m
[38;5;196mPASS PATTERN NO. 120[00m
[38;5;166mPASS PATTERN NO. 121[00m
[38;5;136mPASS PATTERN NO. 122[00m
[38;5;106mPASS PATTERN NO. 123[00m
[38;5;76mPASS PATTERN NO. 124[00m
[38;5;46mPASS PATTERN NO. 125[00m
[38;5;41mPASS PATTERN NO. 126[00m
[38;5;36mPASS PATTERN NO. 127[00m
[38;5;31mPASS PATTERN NO. 128[00m
[38;5;26mPASS PATTERN NO. 129[00m
[38;5;21mPASS PATTERN NO. 130[00m
[38;5;56mPASS PATTERN NO. 131[00m
[38;5;91mPASS PATTERN NO. 132[00m
[38;5;126mPASS PATTERN NO. 133[00m
[38;5;161mPASS PATTERN NO. 134[00m
[38;5;196mPASS PATTERN NO. 135[00m
[38;5;166mPASS PATTERN NO. 136[00m
[38;5;136mPASS PATTERN NO. 137[00m
[38;5;106mPASS PATTERN NO. 138[00m
[38;5;76mPASS PATTERN NO. 139[00m
[38;5;46mPASS PATTERN NO. 140[00m
[38;5;41mPASS PATTERN NO. 141[00m
[38;5;36mPASS PATTERN NO. 142[00m
[38;5;31mPASS PATTERN NO. 143[00m
[38;5;26mPASS PATTERN NO. 144[00m
[38;5;21mPASS PATTERN NO. 145[00m
[38;5;56mPASS PATTERN NO. 146[00m
[38;5;91mPASS PATTERN NO. 147[00m
[38;5;126mPASS PATTERN NO. 148[00m
[38;5;161mPASS PATTERN NO. 149[00m
[38;5;196mPASS PATTERN NO. 150[00m
[38;5;166mPASS PATTERN NO. 151[00m
[38;5;136mPASS PATTERN NO. 152[00m
[38;5;106mPASS PATTERN NO. 153[00m
[38;5;76mPASS PATTERN NO. 154[00m
[38;5;46mPASS PATTERN NO. 155[00m
[38;5;41mPASS PATTERN NO. 156[00m
[38;5;36mPASS PATTERN NO. 157[00m
[38;5;31mPASS PATTERN NO. 158[00m
[38;5;26mPASS PATTERN NO. 159[00m
[38;5;21mPASS PATTERN NO. 160[00m
[38;5;56mPASS PATTERN NO. 161[00m
[38;5;91mPASS PATTERN NO. 162[00m
[38;5;126mPASS PATTERN NO. 163[00m
[38;5;161mPASS PATTERN NO. 164[00m
[38;5;196mPASS PATTERN NO. 165[00m
[38;5;166mPASS PATTERN NO. 166[00m
[38;5;136mPASS PATTERN NO. 167[00m
[38;5;106mPASS PATTERN NO. 168[00m
[38;5;76mPASS PATTERN NO. 169[00m
[38;5;46mPASS PATTERN NO. 170[00m
[38;5;41mPASS PATTERN NO. 171[00m
[38;5;36mPASS PATTERN NO. 172[00m
[38;5;31mPASS PATTERN NO. 173[00m
[38;5;26mPASS PATTERN NO. 174[00m
[38;5;21mPASS PATTERN NO. 175[00m
[38;5;56mPASS PATTERN NO. 176[00m
[38;5;91mPASS PATTERN NO. 177[00m
[38;5;126mPASS PATTERN NO. 178[00m
[38;5;161mPASS PATTERN NO. 179[00m
[38;5;196mPASS PATTERN NO. 180[00m
[38;5;166mPASS PATTERN NO. 181[00m
[38;5;136mPASS PATTERN NO. 182[00m
[38;5;106mPASS PATTERN NO. 183[00m
[38;5;76mPASS PATTERN NO. 184[00m
[38;5;46mPASS PATTERN NO. 185[00m
[38;5;41mPASS PATTERN NO. 186[00m
[38;5;36mPASS PATTERN NO. 187[00m
[38;5;31mPASS PATTERN NO. 188[00m
[38;5;26mPASS PATTERN NO. 189[00m
[38;5;21mPASS PATTERN NO. 190[00m
[38;5;56mPASS PATTERN NO. 191[00m
[38;5;91mPASS PATTERN NO. 192[00m
[38;5;126mPASS PATTERN NO. 193[00m
[38;5;161mPASS PATTERN NO. 194[00m
[38;5;196mPASS PATTERN NO. 195[00m
[38;5;166mPASS PATTERN NO. 196[00m
[38;5;136mPASS PATTERN NO. 197[00m
[38;5;106mPASS PATTERN NO. 198[00m
[38;5;76mPASS PATTERN NO. 199[00m
[38;5;46mPASS PATTERN NO. 200[00m
[38;5;41mPASS PATTERN NO. 201[00m
[38;5;36mPASS PATTERN NO. 202[00m
[38;5;31mPASS PATTERN NO. 203[00m
[38;5;26mPASS PATTERN NO. 204[00m
[38;5;21mPASS PATTERN NO. 205[00m
[38;5;56mPASS PATTERN NO. 206[00m
[38;5;91mPASS PATTERN NO. 207[00m
[38;5;126mPASS PATTERN NO. 208[00m
[38;5;161mPASS PATTERN NO. 209[00m
[38;5;196mPASS PATTERN NO. 210[00m
[38;5;166mPASS PATTERN NO. 211[00m
[38;5;136mPASS PATTERN NO. 212[00m
[38;5;106mPASS PATTERN NO. 213[00m
[38;5;76mPASS PATTERN NO. 214[00m
[38;5;46mPASS PATTERN NO. 215[00m
[38;5;41mPASS PATTERN NO. 216[00m
[38;5;36mPASS PATTERN NO. 217[00m
[38;5;31mPASS PATTERN NO. 218[00m
[38;5;26mPASS PATTERN NO. 219[00m
[38;5;21mPASS PATTERN NO. 220[00m
[38;5;56mPASS PATTERN NO. 221[00m
[38;5;91mPASS PATTERN NO. 222[00m
[38;5;126mPASS PATTERN NO. 223[00m
[38;5;161mPASS PATTERN NO. 224[00m
[38;5;196mPASS PATTERN NO. 225[00m
[38;5;166mPASS PATTERN NO. 226[00m
[38;5;136mPASS PATTERN NO. 227[00m
[38;5;106mPASS PATTERN NO. 228[00m
[38;5;76mPASS PATTERN NO. 229[00m
[38;5;46mPASS PATTERN NO. 230[00m
[38;5;41mPASS PATTERN NO. 231[00m
[38;5;36mPASS PATTERN NO. 232[00m
[38;5;31mPASS PATTERN NO. 233[00m
[38;5;26mPASS PATTERN NO. 234[00m
[38;5;21mPASS PATTERN NO. 235[00m
[38;5;56mPASS PATTERN NO. 236[00m
[38;5;91mPASS PATTERN NO. 237[00m
[38;5;126mPASS PATTERN NO. 238[00m
[38;5;161mPASS PATTERN NO. 239[00m
[38;5;196mPASS PATTERN NO. 240[00m
[38;5;166mPASS PATTERN NO. 241[00m
[38;5;136mPASS PATTERN NO. 242[00m
[38;5;106mPASS PATTERN NO. 243[00m
[38;5;76mPASS PATTERN NO. 244[00m
[38;5;46mPASS PATTERN NO. 245[00m
[38;5;41mPASS PATTERN NO. 246[00m
[38;5;36mPASS PATTERN NO. 247[00m
[38;5;31mPASS PATTERN NO. 248[00m
[38;5;26mPASS PATTERN NO. 249[00m
[38;5;21mPASS PATTERN NO. 250[00m
[38;5;56mPASS PATTERN NO. 251[00m
[38;5;91mPASS PATTERN NO. 252[00m
[38;5;126mPASS PATTERN NO. 253[00m
[38;5;161mPASS PATTERN NO. 254[00m
[38;5;196mPASS PATTERN NO. 255[00m
[38;5;166mPASS PATTERN NO. 256[00m
[38;5;136mPASS PATTERN NO. 257[00m
[38;5;106mPASS PATTERN NO. 258[00m
[38;5;76mPASS PATTERN NO. 259[00m
[38;5;46mPASS PATTERN NO. 260[00m
[38;5;41mPASS PATTERN NO. 261[00m
[38;5;36mPASS PATTERN NO. 262[00m
[38;5;31mPASS PATTERN NO. 263[00m
[38;5;26mPASS PATTERN NO. 264[00m
[38;5;21mPASS PATTERN NO. 265[00m
[38;5;56mPASS PATTERN NO. 266[00m
[38;5;91mPASS PATTERN NO. 267[00m
[38;5;126mPASS PATTERN NO. 268[00m
[38;5;161mPASS PATTERN NO. 269[00m
[38;5;196mPASS PATTERN NO. 270[00m
[38;5;166mPASS PATTERN NO. 271[00m
[38;5;136mPASS PATTERN NO. 272[00m
[38;5;106mPASS PATTERN NO. 273[00m
[38;5;76mPASS PATTERN NO. 274[00m
[38;5;46mPASS PATTERN NO. 275[00m
[38;5;41mPASS PATTERN NO. 276[00m
[38;5;36mPASS PATTERN NO. 277[00m
[38;5;31mPASS PATTERN NO. 278[00m
[38;5;26mPASS PATTERN NO. 279[00m
[38;5;21mPASS PATTERN NO. 280[00m
[38;5;56mPASS PATTERN NO. 281[00m
[38;5;91mPASS PATTERN NO. 282[00m
[38;5;126mPASS PATTERN NO. 283[00m
[38;5;161mPASS PATTERN NO. 284[00m
[38;5;196mPASS PATTERN NO. 285[00m
[38;5;166mPASS PATTERN NO. 286[00m
[38;5;136mPASS PATTERN NO. 287[00m
[38;5;106mPASS PATTERN NO. 288[00m
[38;5;76mPASS PATTERN NO. 289[00m
[38;5;46mPASS PATTERN NO. 290[00m
[38;5;41mPASS PATTERN NO. 291[00m
[38;5;36mPASS PATTERN NO. 292[00m
[38;5;31mPASS PATTERN NO. 293[00m
[38;5;26mPASS PATTERN NO. 294[00m
[38;5;21mPASS PATTERN NO. 295[00m
[38;5;56mPASS PATTERN NO. 296[00m
[38;5;91mPASS PATTERN NO. 297[00m
[38;5;126mPASS PATTERN NO. 298[00m
[38;5;161mPASS PATTERN NO. 299[00m
[38;5;196mPASS PATTERN NO. 300[00m
[38;5;166mPASS PATTERN NO. 301[00m
[38;5;136mPASS PATTERN NO. 302[00m
[38;5;106mPASS PATTERN NO. 303[00m
[38;5;76mPASS PATTERN NO. 304[00m
[38;5;46mPASS PATTERN NO. 305[00m
[38;5;41mPASS PATTERN NO. 306[00m
[38;5;36mPASS PATTERN NO. 307[00m
[38;5;31mPASS PATTERN NO. 308[00m
[38;5;26mPASS PATTERN NO. 309[00m
[38;5;21mPASS PATTERN NO. 310[00m
[38;5;56mPASS PATTERN NO. 311[00m
[38;5;91mPASS PATTERN NO. 312[00m
[38;5;126mPASS PATTERN NO. 313[00m
[38;5;161mPASS PATTERN NO. 314[00m
[38;5;196mPASS PATTERN NO. 315[00m
[38;5;166mPASS PATTERN NO. 316[00m
[38;5;136mPASS PATTERN NO. 317[00m
[38;5;106mPASS PATTERN NO. 318[00m
[38;5;76mPASS PATTERN NO. 319[00m
[38;5;46mPASS PATTERN NO. 320[00m
[38;5;41mPASS PATTERN NO. 321[00m
[38;5;36mPASS PATTERN NO. 322[00m
[38;5;31mPASS PATTERN NO. 323[00m
[38;5;26mPASS PATTERN NO. 324[00m
[38;5;21mPASS PATTERN NO. 325[00m
[38;5;56mPASS PATTERN NO. 326[00m
[38;5;91mPASS PATTERN NO. 327[00m
[38;5;126mPASS PATTERN NO. 328[00m
[38;5;161mPASS PATTERN NO. 329[00m
[38;5;196mPASS PATTERN NO. 330[00m
[38;5;166mPASS PATTERN NO. 331[00m
[38;5;136mPASS PATTERN NO. 332[00m
[38;5;106mPASS PATTERN NO. 333[00m
[38;5;76mPASS PATTERN NO. 334[00m
[38;5;46mPASS PATTERN NO. 335[00m
[38;5;41mPASS PATTERN NO. 336[00m
[38;5;36mPASS PATTERN NO. 337[00m
[38;5;31mPASS PATTERN NO. 338[00m
[38;5;26mPASS PATTERN NO. 339[00m
[38;5;21mPASS PATTERN NO. 340[00m
[38;5;56mPASS PATTERN NO. 341[00m
[38;5;91mPASS PATTERN NO. 342[00m
[38;5;126mPASS PATTERN NO. 343[00m
[38;5;161mPASS PATTERN NO. 344[00m
[38;5;196mPASS PATTERN NO. 345[00m
[38;5;166mPASS PATTERN NO. 346[00m
[38;5;136mPASS PATTERN NO. 347[00m
[38;5;106mPASS PATTERN NO. 348[00m
[38;5;76mPASS PATTERN NO. 349[00m
[38;5;46mPASS PATTERN NO. 350[00m
[38;5;41mPASS PATTERN NO. 351[00m
[38;5;36mPASS PATTERN NO. 352[00m
[38;5;31mPASS PATTERN NO. 353[00m
[38;5;26mPASS PATTERN NO. 354[00m
[38;5;21mPASS PATTERN NO. 355[00m
[38;5;56mPASS PATTERN NO. 356[00m
[38;5;91mPASS PATTERN NO. 357[00m
[38;5;126mPASS PATTERN NO. 358[00m
[38;5;161mPASS PATTERN NO. 359[00m
[38;5;196mPASS PATTERN NO. 360[00m
[38;5;166mPASS PATTERN NO. 361[00m
[38;5;136mPASS PATTERN NO. 362[00m
[38;5;106mPASS PATTERN NO. 363[00m
[38;5;76mPASS PATTERN NO. 364[00m
[38;5;46mPASS PATTERN NO. 365[00m
[38;5;41mPASS PATTERN NO. 366[00m
[38;5;36mPASS PATTERN NO. 367[00m
[38;5;31mPASS PATTERN NO. 368[00m
[38;5;26mPASS PATTERN NO. 369[00m
[38;5;21mPASS PATTERN NO. 370[00m
[38;5;56mPASS PATTERN NO. 371[00m
[38;5;91mPASS PATTERN NO. 372[00m
[38;5;126mPASS PATTERN NO. 373[00m
[38;5;161mPASS PATTERN NO. 374[00m
[38;5;196mPASS PATTERN NO. 375[00m
[38;5;166mPASS PATTERN NO. 376[00m
[38;5;136mPASS PATTERN NO. 377[00m
[38;5;106mPASS PATTERN NO. 378[00m
[38;5;76mPASS PATTERN NO. 379[00m
[38;5;46mPASS PATTERN NO. 380[00m
[38;5;41mPASS PATTERN NO. 381[00m
[38;5;36mPASS PATTERN NO. 382[00m
[38;5;31mPASS PATTERN NO. 383[00m
[38;5;26mPASS PATTERN NO. 384[00m
[38;5;21mPASS PATTERN NO. 385[00m
[38;5;56mPASS PATTERN NO. 386[00m
[38;5;91mPASS PATTERN NO. 387[00m
[38;5;126mPASS PATTERN NO. 388[00m
[38;5;161mPASS PATTERN NO. 389[00m
[38;5;196mPASS PATTERN NO. 390[00m
[38;5;166mPASS PATTERN NO. 391[00m
[38;5;136mPASS PATTERN NO. 392[00m
[38;5;106mPASS PATTERN NO. 393[00m
[38;5;76mPASS PATTERN NO. 394[00m
[38;5;46mPASS PATTERN NO. 395[00m
[38;5;41mPASS PATTERN NO. 396[00m
[38;5;36mPASS PATTERN NO. 397[00m
[38;5;31mPASS PATTERN NO. 398[00m
[38;5;26mPASS PATTERN NO. 399[00m
[38;5;21mPASS PATTERN NO. 400[00m
[38;5;56mPASS PATTERN NO. 401[00m
[38;5;91mPASS PATTERN NO. 402[00m
[38;5;126mPASS PATTERN NO. 403[00m
[38;5;161mPASS PATTERN NO. 404[00m
[38;5;196mPASS PATTERN NO. 405[00m
[38;5;166mPASS PATTERN NO. 406[00m
[38;5;136mPASS PATTERN NO. 407[00m
[38;5;106mPASS PATTERN NO. 408[00m
[38;5;76mPASS PATTERN NO. 409[00m
[38;5;46mPASS PATTERN NO. 410[00m
[38;5;41mPASS PATTERN NO. 411[00m
[38;5;36mPASS PATTERN NO. 412[00m
[38;5;31mPASS PATTERN NO. 413[00m
[38;5;26mPASS PATTERN NO. 414[00m
[38;5;21mPASS PATTERN NO. 415[00m
[38;5;56mPASS PATTERN NO. 416[00m
[38;5;91mPASS PATTERN NO. 417[00m
[38;5;126mPASS PATTERN NO. 418[00m
[38;5;161mPASS PATTERN NO. 419[00m
[38;5;196mPASS PATTERN NO. 420[00m
[38;5;166mPASS PATTERN NO. 421[00m
[38;5;136mPASS PATTERN NO. 422[00m
[38;5;106mPASS PATTERN NO. 423[00m
[38;5;76mPASS PATTERN NO. 424[00m
[38;5;46mPASS PATTERN NO. 425[00m
[38;5;41mPASS PATTERN NO. 426[00m
[38;5;36mPASS PATTERN NO. 427[00m
[38;5;31mPASS PATTERN NO. 428[00m
[38;5;26mPASS PATTERN NO. 429[00m
[38;5;21mPASS PATTERN NO. 430[00m
[38;5;56mPASS PATTERN NO. 431[00m
[38;5;91mPASS PATTERN NO. 432[00m
[38;5;126mPASS PATTERN NO. 433[00m
[38;5;161mPASS PATTERN NO. 434[00m
[38;5;196mPASS PATTERN NO. 435[00m
[38;5;166mPASS PATTERN NO. 436[00m
[38;5;136mPASS PATTERN NO. 437[00m
[38;5;106mPASS PATTERN NO. 438[00m
[38;5;76mPASS PATTERN NO. 439[00m
[38;5;46mPASS PATTERN NO. 440[00m
[38;5;41mPASS PATTERN NO. 441[00m
[38;5;36mPASS PATTERN NO. 442[00m
[38;5;31mPASS PATTERN NO. 443[00m
[38;5;26mPASS PATTERN NO. 444[00m
[38;5;21mPASS PATTERN NO. 445[00m
[38;5;56mPASS PATTERN NO. 446[00m
[38;5;91mPASS PATTERN NO. 447[00m
[38;5;126mPASS PATTERN NO. 448[00m
[38;5;161mPASS PATTERN NO. 449[00m
[38;5;196mPASS PATTERN NO. 450[00m
[38;5;166mPASS PATTERN NO. 451[00m
[38;5;136mPASS PATTERN NO. 452[00m
[38;5;106mPASS PATTERN NO. 453[00m
[38;5;76mPASS PATTERN NO. 454[00m
[38;5;46mPASS PATTERN NO. 455[00m
[38;5;41mPASS PATTERN NO. 456[00m
[38;5;36mPASS PATTERN NO. 457[00m
[38;5;31mPASS PATTERN NO. 458[00m
[38;5;26mPASS PATTERN NO. 459[00m
[38;5;21mPASS PATTERN NO. 460[00m
[38;5;56mPASS PATTERN NO. 461[00m
[38;5;91mPASS PATTERN NO. 462[00m
[38;5;126mPASS PATTERN NO. 463[00m
[38;5;161mPASS PATTERN NO. 464[00m
[38;5;196mPASS PATTERN NO. 465[00m
[38;5;166mPASS PATTERN NO. 466[00m
[38;5;136mPASS PATTERN NO. 467[00m
[38;5;106mPASS PATTERN NO. 468[00m
[38;5;76mPASS PATTERN NO. 469[00m
[38;5;46mPASS PATTERN NO. 470[00m
[38;5;41mPASS PATTERN NO. 471[00m
[38;5;36mPASS PATTERN NO. 472[00m
[38;5;31mPASS PATTERN NO. 473[00m
[38;5;26mPASS PATTERN NO. 474[00m
[38;5;21mPASS PATTERN NO. 475[00m
[38;5;56mPASS PATTERN NO. 476[00m
[38;5;91mPASS PATTERN NO. 477[00m
[38;5;126mPASS PATTERN NO. 478[00m
[38;5;161mPASS PATTERN NO. 479[00m
[38;5;196mPASS PATTERN NO. 480[00m
[38;5;166mPASS PATTERN NO. 481[00m
[38;5;136mPASS PATTERN NO. 482[00m
[38;5;106mPASS PATTERN NO. 483[00m
[38;5;76mPASS PATTERN NO. 484[00m
[38;5;46mPASS PATTERN NO. 485[00m
[38;5;41mPASS PATTERN NO. 486[00m
[38;5;36mPASS PATTERN NO. 487[00m
[38;5;31mPASS PATTERN NO. 488[00m
[38;5;26mPASS PATTERN NO. 489[00m
[38;5;21mPASS PATTERN NO. 490[00m
[38;5;56mPASS PATTERN NO. 491[00m
[38;5;91mPASS PATTERN NO. 492[00m
[38;5;126mPASS PATTERN NO. 493[00m
[38;5;161mPASS PATTERN NO. 494[00m
[38;5;196mPASS PATTERN NO. 495[00m
[38;5;166mPASS PATTERN NO. 496[00m
[38;5;136mPASS PATTERN NO. 497[00m
[38;5;106mPASS PATTERN NO. 498[00m
[38;5;76mPASS PATTERN NO. 499[00m
[38;5;46mPASS PATTERN NO. 500[00m
[38;5;41mPASS PATTERN NO. 501[00m
[38;5;36mPASS PATTERN NO. 502[00m
[38;5;31mPASS PATTERN NO. 503[00m
[38;5;26mPASS PATTERN NO. 504[00m
[38;5;21mPASS PATTERN NO. 505[00m
[38;5;56mPASS PATTERN NO. 506[00m
[38;5;91mPASS PATTERN NO. 507[00m
[38;5;126mPASS PATTERN NO. 508[00m
[38;5;161mPASS PATTERN NO. 509[00m
[38;5;196mPASS PATTERN NO. 510[00m
[38;5;166mPASS PATTERN NO. 511[00m
[38;5;136mPASS PATTERN NO. 512[00m
[38;5;106mPASS PATTERN NO. 513[00m
[38;5;76mPASS PATTERN NO. 514[00m
[38;5;46mPASS PATTERN NO. 515[00m
[38;5;41mPASS PATTERN NO. 516[00m
[38;5;36mPASS PATTERN NO. 517[00m
[38;5;31mPASS PATTERN NO. 518[00m
[38;5;26mPASS PATTERN NO. 519[00m
[38;5;21mPASS PATTERN NO. 520[00m
[38;5;56mPASS PATTERN NO. 521[00m
[38;5;91mPASS PATTERN NO. 522[00m
[38;5;126mPASS PATTERN NO. 523[00m
[38;5;161mPASS PATTERN NO. 524[00m
[38;5;196mPASS PATTERN NO. 525[00m
[38;5;166mPASS PATTERN NO. 526[00m
[38;5;136mPASS PATTERN NO. 527[00m
[38;5;106mPASS PATTERN NO. 528[00m
[38;5;76mPASS PATTERN NO. 529[00m
[38;5;46mPASS PATTERN NO. 530[00m
[38;5;41mPASS PATTERN NO. 531[00m
[38;5;36mPASS PATTERN NO. 532[00m
[38;5;31mPASS PATTERN NO. 533[00m
[38;5;26mPASS PATTERN NO. 534[00m
[38;5;21mPASS PATTERN NO. 535[00m
[38;5;56mPASS PATTERN NO. 536[00m
[38;5;91mPASS PATTERN NO. 537[00m
[38;5;126mPASS PATTERN NO. 538[00m
[38;5;161mPASS PATTERN NO. 539[00m
[38;5;196mPASS PATTERN NO. 540[00m
[38;5;166mPASS PATTERN NO. 541[00m
[38;5;136mPASS PATTERN NO. 542[00m
[38;5;106mPASS PATTERN NO. 543[00m
[38;5;76mPASS PATTERN NO. 544[00m
[38;5;46mPASS PATTERN NO. 545[00m
[38;5;41mPASS PATTERN NO. 546[00m
[38;5;36mPASS PATTERN NO. 547[00m
[38;5;31mPASS PATTERN NO. 548[00m
[38;5;26mPASS PATTERN NO. 549[00m
[38;5;21mPASS PATTERN NO. 550[00m
[38;5;56mPASS PATTERN NO. 551[00m
[38;5;91mPASS PATTERN NO. 552[00m
[38;5;126mPASS PATTERN NO. 553[00m
[38;5;161mPASS PATTERN NO. 554[00m
[38;5;196mPASS PATTERN NO. 555[00m
[38;5;166mPASS PATTERN NO. 556[00m
[38;5;136mPASS PATTERN NO. 557[00m
[38;5;106mPASS PATTERN NO. 558[00m
[38;5;76mPASS PATTERN NO. 559[00m
[38;5;46mPASS PATTERN NO. 560[00m
[38;5;41mPASS PATTERN NO. 561[00m
[38;5;36mPASS PATTERN NO. 562[00m
[38;5;31mPASS PATTERN NO. 563[00m
[38;5;26mPASS PATTERN NO. 564[00m
[38;5;21mPASS PATTERN NO. 565[00m
[38;5;56mPASS PATTERN NO. 566[00m
[38;5;91mPASS PATTERN NO. 567[00m
[38;5;126mPASS PATTERN NO. 568[00m
[38;5;161mPASS PATTERN NO. 569[00m
[38;5;196mPASS PATTERN NO. 570[00m
[38;5;166mPASS PATTERN NO. 571[00m
[38;5;136mPASS PATTERN NO. 572[00m
[38;5;106mPASS PATTERN NO. 573[00m
[38;5;76mPASS PATTERN NO. 574[00m
[38;5;46mPASS PATTERN NO. 575[00m
[38;5;41mPASS PATTERN NO. 576[00m
[38;5;36mPASS PATTERN NO. 577[00m
[38;5;31mPASS PATTERN NO. 578[00m
[38;5;26mPASS PATTERN NO. 579[00m
[38;5;21mPASS PATTERN NO. 580[00m
[38;5;56mPASS PATTERN NO. 581[00m
[38;5;91mPASS PATTERN NO. 582[00m
[38;5;126mPASS PATTERN NO. 583[00m
[38;5;161mPASS PATTERN NO. 584[00m
[38;5;196mPASS PATTERN NO. 585[00m
[38;5;166mPASS PATTERN NO. 586[00m
[38;5;136mPASS PATTERN NO. 587[00m
[38;5;106mPASS PATTERN NO. 588[00m
[38;5;76mPASS PATTERN NO. 589[00m
[38;5;46mPASS PATTERN NO. 590[00m
[38;5;41mPASS PATTERN NO. 591[00m
[38;5;36mPASS PATTERN NO. 592[00m
[38;5;31mPASS PATTERN NO. 593[00m
[38;5;26mPASS PATTERN NO. 594[00m
[38;5;21mPASS PATTERN NO. 595[00m
[38;5;56mPASS PATTERN NO. 596[00m
[38;5;91mPASS PATTERN NO. 597[00m
[38;5;126mPASS PATTERN NO. 598[00m
[38;5;161mPASS PATTERN NO. 599[00m
[38;5;196mPASS PATTERN NO. 600[00m
[38;5;166mPASS PATTERN NO. 601[00m
[38;5;136mPASS PATTERN NO. 602[00m
[38;5;106mPASS PATTERN NO. 603[00m
[38;5;76mPASS PATTERN NO. 604[00m
[38;5;46mPASS PATTERN NO. 605[00m
[38;5;41mPASS PATTERN NO. 606[00m
[38;5;36mPASS PATTERN NO. 607[00m
[38;5;31mPASS PATTERN NO. 608[00m
[38;5;26mPASS PATTERN NO. 609[00m
[38;5;21mPASS PATTERN NO. 610[00m
[38;5;56mPASS PATTERN NO. 611[00m
[38;5;91mPASS PATTERN NO. 612[00m
[38;5;126mPASS PATTERN NO. 613[00m
[38;5;161mPASS PATTERN NO. 614[00m
[38;5;196mPASS PATTERN NO. 615[00m
[38;5;166mPASS PATTERN NO. 616[00m
[38;5;136mPASS PATTERN NO. 617[00m
[38;5;106mPASS PATTERN NO. 618[00m
[38;5;76mPASS PATTERN NO. 619[00m
[38;5;46mPASS PATTERN NO. 620[00m
[38;5;41mPASS PATTERN NO. 621[00m
[38;5;36mPASS PATTERN NO. 622[00m
[38;5;31mPASS PATTERN NO. 623[00m
[38;5;26mPASS PATTERN NO. 624[00m
[38;5;21mPASS PATTERN NO. 625[00m
[38;5;56mPASS PATTERN NO. 626[00m
[38;5;91mPASS PATTERN NO. 627[00m
[38;5;126mPASS PATTERN NO. 628[00m
[38;5;161mPASS PATTERN NO. 629[00m
[38;5;196mPASS PATTERN NO. 630[00m
[38;5;166mPASS PATTERN NO. 631[00m
[38;5;136mPASS PATTERN NO. 632[00m
[38;5;106mPASS PATTERN NO. 633[00m
[38;5;76mPASS PATTERN NO. 634[00m
[38;5;46mPASS PATTERN NO. 635[00m
[38;5;41mPASS PATTERN NO. 636[00m
[38;5;36mPASS PATTERN NO. 637[00m
[38;5;31mPASS PATTERN NO. 638[00m
[38;5;26mPASS PATTERN NO. 639[00m
[38;5;21mPASS PATTERN NO. 640[00m
[38;5;56mPASS PATTERN NO. 641[00m
[38;5;91mPASS PATTERN NO. 642[00m
[38;5;126mPASS PATTERN NO. 643[00m
[38;5;161mPASS PATTERN NO. 644[00m
[38;5;196mPASS PATTERN NO. 645[00m
[38;5;166mPASS PATTERN NO. 646[00m
[38;5;136mPASS PATTERN NO. 647[00m
[38;5;106mPASS PATTERN NO. 648[00m
[38;5;76mPASS PATTERN NO. 649[00m
[38;5;46mPASS PATTERN NO. 650[00m
[38;5;41mPASS PATTERN NO. 651[00m
[38;5;36mPASS PATTERN NO. 652[00m
[38;5;31mPASS PATTERN NO. 653[00m
[38;5;26mPASS PATTERN NO. 654[00m
[38;5;21mPASS PATTERN NO. 655[00m
[38;5;56mPASS PATTERN NO. 656[00m
[38;5;91mPASS PATTERN NO. 657[00m
[38;5;126mPASS PATTERN NO. 658[00m
[38;5;161mPASS PATTERN NO. 659[00m
[38;5;196mPASS PATTERN NO. 660[00m
[38;5;166mPASS PATTERN NO. 661[00m
[38;5;136mPASS PATTERN NO. 662[00m
[38;5;106mPASS PATTERN NO. 663[00m
[38;5;76mPASS PATTERN NO. 664[00m
[38;5;46mPASS PATTERN NO. 665[00m
[38;5;41mPASS PATTERN NO. 666[00m
[38;5;36mPASS PATTERN NO. 667[00m
[38;5;31mPASS PATTERN NO. 668[00m
[38;5;26mPASS PATTERN NO. 669[00m
[38;5;21mPASS PATTERN NO. 670[00m
[38;5;56mPASS PATTERN NO. 671[00m
[38;5;91mPASS PATTERN NO. 672[00m
[38;5;126mPASS PATTERN NO. 673[00m
[38;5;161mPASS PATTERN NO. 674[00m
[38;5;196mPASS PATTERN NO. 675[00m
[38;5;166mPASS PATTERN NO. 676[00m
[38;5;136mPASS PATTERN NO. 677[00m
[38;5;106mPASS PATTERN NO. 678[00m
[38;5;76mPASS PATTERN NO. 679[00m
[38;5;46mPASS PATTERN NO. 680[00m
[38;5;41mPASS PATTERN NO. 681[00m
[38;5;36mPASS PATTERN NO. 682[00m
[38;5;31mPASS PATTERN NO. 683[00m
[38;5;26mPASS PATTERN NO. 684[00m
[38;5;21mPASS PATTERN NO. 685[00m
[38;5;56mPASS PATTERN NO. 686[00m
[38;5;91mPASS PATTERN NO. 687[00m
[38;5;126mPASS PATTERN NO. 688[00m
[38;5;161mPASS PATTERN NO. 689[00m
[38;5;196mPASS PATTERN NO. 690[00m
[38;5;166mPASS PATTERN NO. 691[00m
[38;5;136mPASS PATTERN NO. 692[00m
[38;5;106mPASS PATTERN NO. 693[00m
[38;5;76mPASS PATTERN NO. 694[00m
[38;5;46mPASS PATTERN NO. 695[00m
[38;5;41mPASS PATTERN NO. 696[00m
[38;5;36mPASS PATTERN NO. 697[00m
[38;5;31mPASS PATTERN NO. 698[00m
[38;5;26mPASS PATTERN NO. 699[00m
[38;5;21mPASS PATTERN NO. 700[00m
[38;5;56mPASS PATTERN NO. 701[00m
[38;5;91mPASS PATTERN NO. 702[00m
[38;5;126mPASS PATTERN NO. 703[00m
[38;5;161mPASS PATTERN NO. 704[00m
[38;5;196mPASS PATTERN NO. 705[00m
[38;5;166mPASS PATTERN NO. 706[00m
[38;5;136mPASS PATTERN NO. 707[00m
[38;5;106mPASS PATTERN NO. 708[00m
[38;5;76mPASS PATTERN NO. 709[00m
[38;5;46mPASS PATTERN NO. 710[00m
[38;5;41mPASS PATTERN NO. 711[00m
[38;5;36mPASS PATTERN NO. 712[00m
[38;5;31mPASS PATTERN NO. 713[00m
[38;5;26mPASS PATTERN NO. 714[00m
[38;5;21mPASS PATTERN NO. 715[00m
[38;5;56mPASS PATTERN NO. 716[00m
[38;5;91mPASS PATTERN NO. 717[00m
[38;5;126mPASS PATTERN NO. 718[00m
[38;5;161mPASS PATTERN NO. 719[00m
[38;5;196mPASS PATTERN NO. 720[00m
[38;5;166mPASS PATTERN NO. 721[00m
[38;5;136mPASS PATTERN NO. 722[00m
[38;5;106mPASS PATTERN NO. 723[00m
[38;5;76mPASS PATTERN NO. 724[00m
[38;5;46mPASS PATTERN NO. 725[00m
[38;5;41mPASS PATTERN NO. 726[00m
[38;5;36mPASS PATTERN NO. 727[00m
[38;5;31mPASS PATTERN NO. 728[00m
[38;5;26mPASS PATTERN NO. 729[00m
[38;5;21mPASS PATTERN NO. 730[00m
[38;5;56mPASS PATTERN NO. 731[00m
[38;5;91mPASS PATTERN NO. 732[00m
[38;5;126mPASS PATTERN NO. 733[00m
[38;5;161mPASS PATTERN NO. 734[00m
[38;5;196mPASS PATTERN NO. 735[00m
[38;5;166mPASS PATTERN NO. 736[00m
[38;5;136mPASS PATTERN NO. 737[00m
[38;5;106mPASS PATTERN NO. 738[00m
[38;5;76mPASS PATTERN NO. 739[00m
[38;5;46mPASS PATTERN NO. 740[00m
[38;5;41mPASS PATTERN NO. 741[00m
[38;5;36mPASS PATTERN NO. 742[00m
[38;5;31mPASS PATTERN NO. 743[00m
[38;5;26mPASS PATTERN NO. 744[00m
[38;5;21mPASS PATTERN NO. 745[00m
[38;5;56mPASS PATTERN NO. 746[00m
[38;5;91mPASS PATTERN NO. 747[00m
[38;5;126mPASS PATTERN NO. 748[00m
[38;5;161mPASS PATTERN NO. 749[00m
[38;5;196mPASS PATTERN NO. 750[00m
[38;5;166mPASS PATTERN NO. 751[00m
[38;5;136mPASS PATTERN NO. 752[00m
[38;5;106mPASS PATTERN NO. 753[00m
[38;5;76mPASS PATTERN NO. 754[00m
[38;5;46mPASS PATTERN NO. 755[00m
[38;5;41mPASS PATTERN NO. 756[00m
[38;5;36mPASS PATTERN NO. 757[00m
[38;5;31mPASS PATTERN NO. 758[00m
[38;5;26mPASS PATTERN NO. 759[00m
[38;5;21mPASS PATTERN NO. 760[00m
[38;5;56mPASS PATTERN NO. 761[00m
[38;5;91mPASS PATTERN NO. 762[00m
[38;5;126mPASS PATTERN NO. 763[00m
[38;5;161mPASS PATTERN NO. 764[00m
[38;5;196mPASS PATTERN NO. 765[00m
[38;5;166mPASS PATTERN NO. 766[00m
[38;5;136mPASS PATTERN NO. 767[00m
[38;5;106mPASS PATTERN NO. 768[00m
[38;5;76mPASS PATTERN NO. 769[00m
[38;5;46mPASS PATTERN NO. 770[00m
[38;5;41mPASS PATTERN NO. 771[00m
[38;5;36mPASS PATTERN NO. 772[00m
[38;5;31mPASS PATTERN NO. 773[00m
[38;5;26mPASS PATTERN NO. 774[00m
[38;5;21mPASS PATTERN NO. 775[00m
[38;5;56mPASS PATTERN NO. 776[00m
[38;5;91mPASS PATTERN NO. 777[00m
[38;5;126mPASS PATTERN NO. 778[00m
[38;5;161mPASS PATTERN NO. 779[00m
[38;5;196mPASS PATTERN NO. 780[00m
[38;5;166mPASS PATTERN NO. 781[00m
[38;5;136mPASS PATTERN NO. 782[00m
[38;5;106mPASS PATTERN NO. 783[00m
[38;5;76mPASS PATTERN NO. 784[00m
[38;5;46mPASS PATTERN NO. 785[00m
[38;5;41mPASS PATTERN NO. 786[00m
[38;5;36mPASS PATTERN NO. 787[00m
[38;5;31mPASS PATTERN NO. 788[00m
[38;5;26mPASS PATTERN NO. 789[00m
[38;5;21mPASS PATTERN NO. 790[00m
[38;5;56mPASS PATTERN NO. 791[00m
[38;5;91mPASS PATTERN NO. 792[00m
[38;5;126mPASS PATTERN NO. 793[00m
[38;5;161mPASS PATTERN NO. 794[00m
[38;5;196mPASS PATTERN NO. 795[00m
[38;5;166mPASS PATTERN NO. 796[00m
[38;5;136mPASS PATTERN NO. 797[00m
[38;5;106mPASS PATTERN NO. 798[00m
[38;5;76mPASS PATTERN NO. 799[00m
[38;5;46mPASS PATTERN NO. 800[00m
[38;5;41mPASS PATTERN NO. 801[00m
[38;5;36mPASS PATTERN NO. 802[00m
[38;5;31mPASS PATTERN NO. 803[00m
[38;5;26mPASS PATTERN NO. 804[00m
[38;5;21mPASS PATTERN NO. 805[00m
[38;5;56mPASS PATTERN NO. 806[00m
[38;5;91mPASS PATTERN NO. 807[00m
[38;5;126mPASS PATTERN NO. 808[00m
[38;5;161mPASS PATTERN NO. 809[00m
[38;5;196mPASS PATTERN NO. 810[00m
[38;5;166mPASS PATTERN NO. 811[00m
[38;5;136mPASS PATTERN NO. 812[00m
[38;5;106mPASS PATTERN NO. 813[00m
[38;5;76mPASS PATTERN NO. 814[00m
[38;5;46mPASS PATTERN NO. 815[00m
[38;5;41mPASS PATTERN NO. 816[00m
[38;5;36mPASS PATTERN NO. 817[00m
[38;5;31mPASS PATTERN NO. 818[00m
[38;5;26mPASS PATTERN NO. 819[00m
[38;5;21mPASS PATTERN NO. 820[00m
[38;5;56mPASS PATTERN NO. 821[00m
[38;5;91mPASS PATTERN NO. 822[00m
[38;5;126mPASS PATTERN NO. 823[00m
[38;5;161mPASS PATTERN NO. 824[00m
[38;5;196mPASS PATTERN NO. 825[00m
[38;5;166mPASS PATTERN NO. 826[00m
[38;5;136mPASS PATTERN NO. 827[00m
[38;5;106mPASS PATTERN NO. 828[00m
[38;5;76mPASS PATTERN NO. 829[00m
[38;5;46mPASS PATTERN NO. 830[00m
[38;5;41mPASS PATTERN NO. 831[00m
[38;5;36mPASS PATTERN NO. 832[00m
[38;5;31mPASS PATTERN NO. 833[00m
[38;5;26mPASS PATTERN NO. 834[00m
[38;5;21mPASS PATTERN NO. 835[00m
[38;5;56mPASS PATTERN NO. 836[00m
[38;5;91mPASS PATTERN NO. 837[00m
[38;5;126mPASS PATTERN NO. 838[00m
[38;5;161mPASS PATTERN NO. 839[00m
[38;5;196mPASS PATTERN NO. 840[00m
[38;5;166mPASS PATTERN NO. 841[00m
[38;5;136mPASS PATTERN NO. 842[00m
[38;5;106mPASS PATTERN NO. 843[00m
[38;5;76mPASS PATTERN NO. 844[00m
[38;5;46mPASS PATTERN NO. 845[00m
[38;5;41mPASS PATTERN NO. 846[00m
[38;5;36mPASS PATTERN NO. 847[00m
[38;5;31mPASS PATTERN NO. 848[00m
[38;5;26mPASS PATTERN NO. 849[00m
[38;5;21mPASS PATTERN NO. 850[00m
[38;5;56mPASS PATTERN NO. 851[00m
[38;5;91mPASS PATTERN NO. 852[00m
[38;5;126mPASS PATTERN NO. 853[00m
[38;5;161mPASS PATTERN NO. 854[00m
[38;5;196mPASS PATTERN NO. 855[00m
[38;5;166mPASS PATTERN NO. 856[00m
[38;5;136mPASS PATTERN NO. 857[00m
[38;5;106mPASS PATTERN NO. 858[00m
[38;5;76mPASS PATTERN NO. 859[00m
[38;5;46mPASS PATTERN NO. 860[00m
[38;5;41mPASS PATTERN NO. 861[00m
[38;5;36mPASS PATTERN NO. 862[00m
[38;5;31mPASS PATTERN NO. 863[00m
[38;5;26mPASS PATTERN NO. 864[00m
[38;5;21mPASS PATTERN NO. 865[00m
[38;5;56mPASS PATTERN NO. 866[00m
[38;5;91mPASS PATTERN NO. 867[00m
[38;5;126mPASS PATTERN NO. 868[00m
[38;5;161mPASS PATTERN NO. 869[00m
[38;5;196mPASS PATTERN NO. 870[00m
[38;5;166mPASS PATTERN NO. 871[00m
[38;5;136mPASS PATTERN NO. 872[00m
[38;5;106mPASS PATTERN NO. 873[00m
[38;5;76mPASS PATTERN NO. 874[00m
[38;5;46mPASS PATTERN NO. 875[00m
[38;5;41mPASS PATTERN NO. 876[00m
[38;5;36mPASS PATTERN NO. 877[00m
[38;5;31mPASS PATTERN NO. 878[00m
[38;5;26mPASS PATTERN NO. 879[00m
[38;5;21mPASS PATTERN NO. 880[00m
[38;5;56mPASS PATTERN NO. 881[00m
[38;5;91mPASS PATTERN NO. 882[00m
[38;5;126mPASS PATTERN NO. 883[00m
[38;5;161mPASS PATTERN NO. 884[00m
[38;5;196mPASS PATTERN NO. 885[00m
[38;5;166mPASS PATTERN NO. 886[00m
[38;5;136mPASS PATTERN NO. 887[00m
[38;5;106mPASS PATTERN NO. 888[00m
[38;5;76mPASS PATTERN NO. 889[00m
[38;5;46mPASS PATTERN NO. 890[00m
[38;5;41mPASS PATTERN NO. 891[00m
[38;5;36mPASS PATTERN NO. 892[00m
[38;5;31mPASS PATTERN NO. 893[00m
[38;5;26mPASS PATTERN NO. 894[00m
[38;5;21mPASS PATTERN NO. 895[00m
[38;5;56mPASS PATTERN NO. 896[00m
[38;5;91mPASS PATTERN NO. 897[00m
[38;5;126mPASS PATTERN NO. 898[00m
[38;5;161mPASS PATTERN NO. 899[00m
[38;5;196mPASS PATTERN NO. 900[00m
[38;5;166mPASS PATTERN NO. 901[00m
[38;5;136mPASS PATTERN NO. 902[00m
[38;5;106mPASS PATTERN NO. 903[00m
[38;5;76mPASS PATTERN NO. 904[00m
[38;5;46mPASS PATTERN NO. 905[00m
[38;5;41mPASS PATTERN NO. 906[00m
[38;5;36mPASS PATTERN NO. 907[00m
[38;5;31mPASS PATTERN NO. 908[00m
[38;5;26mPASS PATTERN NO. 909[00m
[38;5;21mPASS PATTERN NO. 910[00m
[38;5;56mPASS PATTERN NO. 911[00m
[38;5;91mPASS PATTERN NO. 912[00m
[38;5;126mPASS PATTERN NO. 913[00m
[38;5;161mPASS PATTERN NO. 914[00m
[38;5;196mPASS PATTERN NO. 915[00m
[38;5;166mPASS PATTERN NO. 916[00m
[38;5;136mPASS PATTERN NO. 917[00m
[38;5;106mPASS PATTERN NO. 918[00m
[38;5;76mPASS PATTERN NO. 919[00m
[38;5;46mPASS PATTERN NO. 920[00m
[38;5;41mPASS PATTERN NO. 921[00m
[38;5;36mPASS PATTERN NO. 922[00m
[38;5;31mPASS PATTERN NO. 923[00m
[38;5;26mPASS PATTERN NO. 924[00m
[38;5;21mPASS PATTERN NO. 925[00m
[38;5;56mPASS PATTERN NO. 926[00m
[38;5;91mPASS PATTERN NO. 927[00m
[38;5;126mPASS PATTERN NO. 928[00m
[38;5;161mPASS PATTERN NO. 929[00m
[38;5;196mPASS PATTERN NO. 930[00m
[38;5;166mPASS PATTERN NO. 931[00m
[38;5;136mPASS PATTERN NO. 932[00m
[38;5;106mPASS PATTERN NO. 933[00m
[38;5;76mPASS PATTERN NO. 934[00m
[38;5;46mPASS PATTERN NO. 935[00m
[38;5;41mPASS PATTERN NO. 936[00m
[38;5;36mPASS PATTERN NO. 937[00m
[38;5;31mPASS PATTERN NO. 938[00m
[38;5;26mPASS PATTERN NO. 939[00m
[38;5;21mPASS PATTERN NO. 940[00m
[38;5;56mPASS PATTERN NO. 941[00m
[38;5;91mPASS PATTERN NO. 942[00m
[38;5;126mPASS PATTERN NO. 943[00m
[38;5;161mPASS PATTERN NO. 944[00m
[38;5;196mPASS PATTERN NO. 945[00m
[38;5;166mPASS PATTERN NO. 946[00m
[38;5;136mPASS PATTERN NO. 947[00m
[38;5;106mPASS PATTERN NO. 948[00m
[38;5;76mPASS PATTERN NO. 949[00m
[38;5;46mPASS PATTERN NO. 950[00m
[38;5;41mPASS PATTERN NO. 951[00m
[38;5;36mPASS PATTERN NO. 952[00m
[38;5;31mPASS PATTERN NO. 953[00m
[38;5;26mPASS PATTERN NO. 954[00m
[38;5;21mPASS PATTERN NO. 955[00m
[38;5;56mPASS PATTERN NO. 956[00m
[38;5;91mPASS PATTERN NO. 957[00m
[38;5;126mPASS PATTERN NO. 958[00m
[38;5;161mPASS PATTERN NO. 959[00m
[38;5;196mPASS PATTERN NO. 960[00m
[38;5;166mPASS PATTERN NO. 961[00m
[38;5;136mPASS PATTERN NO. 962[00m
[38;5;106mPASS PATTERN NO. 963[00m
[38;5;76mPASS PATTERN NO. 964[00m
[38;5;46mPASS PATTERN NO. 965[00m
[38;5;41mPASS PATTERN NO. 966[00m
[38;5;36mPASS PATTERN NO. 967[00m
[38;5;31mPASS PATTERN NO. 968[00m
[38;5;26mPASS PATTERN NO. 969[00m
[38;5;21mPASS PATTERN NO. 970[00m
[38;5;56mPASS PATTERN NO. 971[00m
[38;5;91mPASS PATTERN NO. 972[00m
[38;5;126mPASS PATTERN NO. 973[00m
[38;5;161mPASS PATTERN NO. 974[00m
[38;5;196mPASS PATTERN NO. 975[00m
[38;5;166mPASS PATTERN NO. 976[00m
[38;5;136mPASS PATTERN NO. 977[00m
[38;5;106mPASS PATTERN NO. 978[00m
[38;5;76mPASS PATTERN NO. 979[00m
[38;5;46mPASS PATTERN NO. 980[00m
[38;5;41mPASS PATTERN NO. 981[00m
[38;5;36mPASS PATTERN NO. 982[00m
[38;5;31mPASS PATTERN NO. 983[00m
[38;5;26mPASS PATTERN NO. 984[00m
[38;5;21mPASS PATTERN NO. 985[00m
[38;5;56mPASS PATTERN NO. 986[00m
[38;5;91mPASS PATTERN NO. 987[00m
[38;5;126mPASS PATTERN NO. 988[00m
[38;5;161mPASS PATTERN NO. 989[00m
[38;5;196mPASS PATTERN NO. 990[00m
[38;5;166mPASS PATTERN NO. 991[00m
[38;5;136mPASS PATTERN NO. 992[00m
[38;5;106mPASS PATTERN NO. 993[00m
[38;5;76mPASS PATTERN NO. 994[00m
[38;5;46mPASS PATTERN NO. 995[00m
[38;5;41mPASS PATTERN NO. 996[00m
[38;5;36mPASS PATTERN NO. 997[00m
[38;5;31mPASS PATTERN NO. 998[00m
[38;5;26mPASS PATTERN NO. 999[00m
[38;5;21mPASS PATTERN NO.1000[00m
[38;5;56mPASS PATTERN NO.1001[00m
[38;5;91mPASS PATTERN NO.1002[00m
[38;5;126mPASS PATTERN NO.1003[00m
[38;5;161mPASS PATTERN NO.1004[00m
[38;5;196mPASS PATTERN NO.1005[00m
[38;5;166mPASS PATTERN NO.1006[00m
[38;5;136mPASS PATTERN NO.1007[00m
[38;5;106mPASS PATTERN NO.1008[00m
[38;5;76mPASS PATTERN NO.1009[00m
[38;5;46mPASS PATTERN NO.1010[00m
[38;5;41mPASS PATTERN NO.1011[00m
[38;5;36mPASS PATTERN NO.1012[00m
[38;5;31mPASS PATTERN NO.1013[00m
[38;5;26mPASS PATTERN NO.1014[00m
[38;5;21mPASS PATTERN NO.1015[00m
[38;5;56mPASS PATTERN NO.1016[00m
[38;5;91mPASS PATTERN NO.1017[00m
[38;5;126mPASS PATTERN NO.1018[00m
[38;5;161mPASS PATTERN NO.1019[00m
[38;5;196mPASS PATTERN NO.1020[00m
[38;5;166mPASS PATTERN NO.1021[00m
[38;5;136mPASS PATTERN NO.1022[00m
[38;5;106mPASS PATTERN NO.1023[00m
[38;5;76mPASS PATTERN NO.1024[00m
[38;5;46mPASS PATTERN NO.1025[00m
[38;5;41mPASS PATTERN NO.1026[00m
[38;5;36mPASS PATTERN NO.1027[00m
[38;5;31mPASS PATTERN NO.1028[00m
[38;5;26mPASS PATTERN NO.1029[00m
[38;5;21mPASS PATTERN NO.1030[00m
[38;5;56mPASS PATTERN NO.1031[00m
[38;5;91mPASS PATTERN NO.1032[00m
[38;5;126mPASS PATTERN NO.1033[00m
[38;5;161mPASS PATTERN NO.1034[00m
[38;5;196mPASS PATTERN NO.1035[00m
[38;5;166mPASS PATTERN NO.1036[00m
[38;5;136mPASS PATTERN NO.1037[00m
[38;5;106mPASS PATTERN NO.1038[00m
[38;5;76mPASS PATTERN NO.1039[00m
[38;5;46mPASS PATTERN NO.1040[00m
[38;5;41mPASS PATTERN NO.1041[00m
[38;5;36mPASS PATTERN NO.1042[00m
[38;5;31mPASS PATTERN NO.1043[00m
[38;5;26mPASS PATTERN NO.1044[00m
[38;5;21mPASS PATTERN NO.1045[00m
[38;5;56mPASS PATTERN NO.1046[00m
[38;5;91mPASS PATTERN NO.1047[00m
[38;5;126mPASS PATTERN NO.1048[00m
[38;5;161mPASS PATTERN NO.1049[00m
[38;5;196mPASS PATTERN NO.1050[00m
[38;5;166mPASS PATTERN NO.1051[00m
[38;5;136mPASS PATTERN NO.1052[00m
[38;5;106mPASS PATTERN NO.1053[00m
[38;5;76mPASS PATTERN NO.1054[00m
[38;5;46mPASS PATTERN NO.1055[00m
[38;5;41mPASS PATTERN NO.1056[00m
[38;5;36mPASS PATTERN NO.1057[00m
[38;5;31mPASS PATTERN NO.1058[00m
[38;5;26mPASS PATTERN NO.1059[00m
[38;5;21mPASS PATTERN NO.1060[00m
[38;5;56mPASS PATTERN NO.1061[00m
[38;5;91mPASS PATTERN NO.1062[00m
[38;5;126mPASS PATTERN NO.1063[00m
[38;5;161mPASS PATTERN NO.1064[00m
[38;5;196mPASS PATTERN NO.1065[00m
[38;5;166mPASS PATTERN NO.1066[00m
[38;5;136mPASS PATTERN NO.1067[00m
[38;5;106mPASS PATTERN NO.1068[00m
[38;5;76mPASS PATTERN NO.1069[00m
[38;5;46mPASS PATTERN NO.1070[00m
[38;5;41mPASS PATTERN NO.1071[00m
[38;5;36mPASS PATTERN NO.1072[00m
[38;5;31mPASS PATTERN NO.1073[00m
[38;5;26mPASS PATTERN NO.1074[00m
[38;5;21mPASS PATTERN NO.1075[00m
[38;5;56mPASS PATTERN NO.1076[00m
[38;5;91mPASS PATTERN NO.1077[00m
[38;5;126mPASS PATTERN NO.1078[00m
[38;5;161mPASS PATTERN NO.1079[00m
[38;5;196mPASS PATTERN NO.1080[00m
[38;5;166mPASS PATTERN NO.1081[00m
[38;5;136mPASS PATTERN NO.1082[00m
[38;5;106mPASS PATTERN NO.1083[00m
[38;5;76mPASS PATTERN NO.1084[00m
[38;5;46mPASS PATTERN NO.1085[00m
[38;5;41mPASS PATTERN NO.1086[00m
[38;5;36mPASS PATTERN NO.1087[00m
[38;5;31mPASS PATTERN NO.1088[00m
[38;5;26mPASS PATTERN NO.1089[00m
[38;5;21mPASS PATTERN NO.1090[00m
[38;5;56mPASS PATTERN NO.1091[00m
[38;5;91mPASS PATTERN NO.1092[00m
[38;5;126mPASS PATTERN NO.1093[00m
[38;5;161mPASS PATTERN NO.1094[00m
[38;5;196mPASS PATTERN NO.1095[00m
[38;5;166mPASS PATTERN NO.1096[00m
[38;5;136mPASS PATTERN NO.1097[00m
[38;5;106mPASS PATTERN NO.1098[00m
[38;5;76mPASS PATTERN NO.1099[00m
[38;5;46mPASS PATTERN NO.1100[00m
[38;5;41mPASS PATTERN NO.1101[00m
[38;5;36mPASS PATTERN NO.1102[00m
[38;5;31mPASS PATTERN NO.1103[00m
[38;5;26mPASS PATTERN NO.1104[00m
[38;5;21mPASS PATTERN NO.1105[00m
[38;5;56mPASS PATTERN NO.1106[00m
[38;5;91mPASS PATTERN NO.1107[00m
[38;5;126mPASS PATTERN NO.1108[00m
[38;5;161mPASS PATTERN NO.1109[00m
[38;5;196mPASS PATTERN NO.1110[00m
[38;5;166mPASS PATTERN NO.1111[00m
[38;5;136mPASS PATTERN NO.1112[00m
[38;5;106mPASS PATTERN NO.1113[00m
[38;5;76mPASS PATTERN NO.1114[00m
[38;5;46mPASS PATTERN NO.1115[00m
[38;5;41mPASS PATTERN NO.1116[00m
[38;5;36mPASS PATTERN NO.1117[00m
[38;5;31mPASS PATTERN NO.1118[00m
[38;5;26mPASS PATTERN NO.1119[00m
[38;5;21mPASS PATTERN NO.1120[00m
[38;5;56mPASS PATTERN NO.1121[00m
[38;5;91mPASS PATTERN NO.1122[00m
[38;5;126mPASS PATTERN NO.1123[00m
[38;5;161mPASS PATTERN NO.1124[00m
[38;5;196mPASS PATTERN NO.1125[00m
[38;5;166mPASS PATTERN NO.1126[00m
[38;5;136mPASS PATTERN NO.1127[00m
[38;5;106mPASS PATTERN NO.1128[00m
[38;5;76mPASS PATTERN NO.1129[00m
[38;5;46mPASS PATTERN NO.1130[00m
[38;5;41mPASS PATTERN NO.1131[00m
[38;5;36mPASS PATTERN NO.1132[00m
[38;5;31mPASS PATTERN NO.1133[00m
[38;5;26mPASS PATTERN NO.1134[00m
[38;5;21mPASS PATTERN NO.1135[00m
[38;5;56mPASS PATTERN NO.1136[00m
[38;5;91mPASS PATTERN NO.1137[00m
[38;5;126mPASS PATTERN NO.1138[00m
[38;5;161mPASS PATTERN NO.1139[00m
[38;5;196mPASS PATTERN NO.1140[00m
[38;5;166mPASS PATTERN NO.1141[00m
[38;5;136mPASS PATTERN NO.1142[00m
[38;5;106mPASS PATTERN NO.1143[00m
[38;5;76mPASS PATTERN NO.1144[00m
[38;5;46mPASS PATTERN NO.1145[00m
[38;5;41mPASS PATTERN NO.1146[00m
[38;5;36mPASS PATTERN NO.1147[00m
[38;5;31mPASS PATTERN NO.1148[00m
[38;5;26mPASS PATTERN NO.1149[00m
[38;5;21mPASS PATTERN NO.1150[00m
[38;5;56mPASS PATTERN NO.1151[00m
[38;5;91mPASS PATTERN NO.1152[00m
[38;5;126mPASS PATTERN NO.1153[00m
[38;5;161mPASS PATTERN NO.1154[00m
[38;5;196mPASS PATTERN NO.1155[00m
[38;5;166mPASS PATTERN NO.1156[00m
[38;5;136mPASS PATTERN NO.1157[00m
[38;5;106mPASS PATTERN NO.1158[00m
[38;5;76mPASS PATTERN NO.1159[00m
[38;5;46mPASS PATTERN NO.1160[00m
[38;5;41mPASS PATTERN NO.1161[00m
[38;5;36mPASS PATTERN NO.1162[00m
[38;5;31mPASS PATTERN NO.1163[00m
[38;5;26mPASS PATTERN NO.1164[00m
[38;5;21mPASS PATTERN NO.1165[00m
[38;5;56mPASS PATTERN NO.1166[00m
[38;5;91mPASS PATTERN NO.1167[00m
[38;5;126mPASS PATTERN NO.1168[00m
[38;5;161mPASS PATTERN NO.1169[00m
[38;5;196mPASS PATTERN NO.1170[00m
[38;5;166mPASS PATTERN NO.1171[00m
[38;5;136mPASS PATTERN NO.1172[00m
[38;5;106mPASS PATTERN NO.1173[00m
[38;5;76mPASS PATTERN NO.1174[00m
[38;5;46mPASS PATTERN NO.1175[00m
[38;5;41mPASS PATTERN NO.1176[00m
[38;5;36mPASS PATTERN NO.1177[00m
[38;5;31mPASS PATTERN NO.1178[00m
[38;5;26mPASS PATTERN NO.1179[00m
[38;5;21mPASS PATTERN NO.1180[00m
[38;5;56mPASS PATTERN NO.1181[00m
[38;5;91mPASS PATTERN NO.1182[00m
[38;5;126mPASS PATTERN NO.1183[00m
[38;5;161mPASS PATTERN NO.1184[00m
[38;5;196mPASS PATTERN NO.1185[00m
[38;5;166mPASS PATTERN NO.1186[00m
[38;5;136mPASS PATTERN NO.1187[00m
[38;5;106mPASS PATTERN NO.1188[00m
[38;5;76mPASS PATTERN NO.1189[00m
[38;5;46mPASS PATTERN NO.1190[00m
[38;5;41mPASS PATTERN NO.1191[00m
[38;5;36mPASS PATTERN NO.1192[00m
[38;5;31mPASS PATTERN NO.1193[00m
[38;5;26mPASS PATTERN NO.1194[00m
[38;5;21mPASS PATTERN NO.1195[00m
[38;5;56mPASS PATTERN NO.1196[00m
[38;5;91mPASS PATTERN NO.1197[00m
[38;5;126mPASS PATTERN NO.1198[00m
[38;5;161mPASS PATTERN NO.1199[00m
[38;5;196mPASS PATTERN NO.1200[00m
[38;5;166mPASS PATTERN NO.1201[00m
[38;5;136mPASS PATTERN NO.1202[00m
[38;5;106mPASS PATTERN NO.1203[00m
[38;5;76mPASS PATTERN NO.1204[00m
[38;5;46mPASS PATTERN NO.1205[00m
[38;5;41mPASS PATTERN NO.1206[00m
[38;5;36mPASS PATTERN NO.1207[00m
[38;5;31mPASS PATTERN NO.1208[00m
[38;5;26mPASS PATTERN NO.1209[00m
[38;5;21mPASS PATTERN NO.1210[00m
[38;5;56mPASS PATTERN NO.1211[00m
[38;5;91mPASS PATTERN NO.1212[00m
[38;5;126mPASS PATTERN NO.1213[00m
[38;5;161mPASS PATTERN NO.1214[00m
[38;5;196mPASS PATTERN NO.1215[00m
[38;5;166mPASS PATTERN NO.1216[00m
[38;5;136mPASS PATTERN NO.1217[00m
[38;5;106mPASS PATTERN NO.1218[00m
[38;5;76mPASS PATTERN NO.1219[00m
[38;5;46mPASS PATTERN NO.1220[00m
[38;5;41mPASS PATTERN NO.1221[00m
[38;5;36mPASS PATTERN NO.1222[00m
[38;5;31mPASS PATTERN NO.1223[00m
[38;5;26mPASS PATTERN NO.1224[00m
[38;5;21mPASS PATTERN NO.1225[00m
[38;5;56mPASS PATTERN NO.1226[00m
[38;5;91mPASS PATTERN NO.1227[00m
[38;5;126mPASS PATTERN NO.1228[00m
[38;5;161mPASS PATTERN NO.1229[00m
[38;5;196mPASS PATTERN NO.1230[00m
[38;5;166mPASS PATTERN NO.1231[00m
[38;5;136mPASS PATTERN NO.1232[00m
[38;5;106mPASS PATTERN NO.1233[00m
[38;5;76mPASS PATTERN NO.1234[00m
[38;5;46mPASS PATTERN NO.1235[00m
[38;5;41mPASS PATTERN NO.1236[00m
[38;5;36mPASS PATTERN NO.1237[00m
[38;5;31mPASS PATTERN NO.1238[00m
[38;5;26mPASS PATTERN NO.1239[00m
[38;5;21mPASS PATTERN NO.1240[00m
[38;5;56mPASS PATTERN NO.1241[00m
[38;5;91mPASS PATTERN NO.1242[00m
[38;5;126mPASS PATTERN NO.1243[00m
[38;5;161mPASS PATTERN NO.1244[00m
[38;5;196mPASS PATTERN NO.1245[00m
[38;5;166mPASS PATTERN NO.1246[00m
[38;5;136mPASS PATTERN NO.1247[00m
[38;5;106mPASS PATTERN NO.1248[00m
[38;5;76mPASS PATTERN NO.1249[00m
[38;5;46mPASS PATTERN NO.1250[00m
[38;5;41mPASS PATTERN NO.1251[00m
[38;5;36mPASS PATTERN NO.1252[00m
[38;5;31mPASS PATTERN NO.1253[00m
[38;5;26mPASS PATTERN NO.1254[00m
[38;5;21mPASS PATTERN NO.1255[00m
[38;5;56mPASS PATTERN NO.1256[00m
[38;5;91mPASS PATTERN NO.1257[00m
[38;5;126mPASS PATTERN NO.1258[00m
[38;5;161mPASS PATTERN NO.1259[00m
[38;5;196mPASS PATTERN NO.1260[00m
[38;5;166mPASS PATTERN NO.1261[00m
[38;5;136mPASS PATTERN NO.1262[00m
[38;5;106mPASS PATTERN NO.1263[00m
[38;5;76mPASS PATTERN NO.1264[00m
[38;5;46mPASS PATTERN NO.1265[00m
[38;5;41mPASS PATTERN NO.1266[00m
[38;5;36mPASS PATTERN NO.1267[00m
[38;5;31mPASS PATTERN NO.1268[00m
[38;5;26mPASS PATTERN NO.1269[00m
[38;5;21mPASS PATTERN NO.1270[00m
[38;5;56mPASS PATTERN NO.1271[00m
[38;5;91mPASS PATTERN NO.1272[00m
[38;5;126mPASS PATTERN NO.1273[00m
[38;5;161mPASS PATTERN NO.1274[00m
[38;5;196mPASS PATTERN NO.1275[00m
[38;5;166mPASS PATTERN NO.1276[00m
[38;5;136mPASS PATTERN NO.1277[00m
[38;5;106mPASS PATTERN NO.1278[00m
[38;5;76mPASS PATTERN NO.1279[00m
[38;5;46mPASS PATTERN NO.1280[00m
[38;5;41mPASS PATTERN NO.1281[00m
[38;5;36mPASS PATTERN NO.1282[00m
[38;5;31mPASS PATTERN NO.1283[00m
[38;5;26mPASS PATTERN NO.1284[00m
[38;5;21mPASS PATTERN NO.1285[00m
[38;5;56mPASS PATTERN NO.1286[00m
[38;5;91mPASS PATTERN NO.1287[00m
[38;5;126mPASS PATTERN NO.1288[00m
[38;5;161mPASS PATTERN NO.1289[00m
[38;5;196mPASS PATTERN NO.1290[00m
[38;5;166mPASS PATTERN NO.1291[00m
[38;5;136mPASS PATTERN NO.1292[00m
[38;5;106mPASS PATTERN NO.1293[00m
[38;5;76mPASS PATTERN NO.1294[00m
[38;5;46mPASS PATTERN NO.1295[00m
[38;5;41mPASS PATTERN NO.1296[00m
[38;5;36mPASS PATTERN NO.1297[00m
[38;5;31mPASS PATTERN NO.1298[00m
[38;5;26mPASS PATTERN NO.1299[00m
[38;5;21mPASS PATTERN NO.1300[00m
[38;5;56mPASS PATTERN NO.1301[00m
[38;5;91mPASS PATTERN NO.1302[00m
[38;5;126mPASS PATTERN NO.1303[00m
[38;5;161mPASS PATTERN NO.1304[00m
[38;5;196mPASS PATTERN NO.1305[00m
[38;5;166mPASS PATTERN NO.1306[00m
[38;5;136mPASS PATTERN NO.1307[00m
[38;5;106mPASS PATTERN NO.1308[00m
[38;5;76mPASS PATTERN NO.1309[00m
[38;5;46mPASS PATTERN NO.1310[00m
[38;5;41mPASS PATTERN NO.1311[00m
[38;5;36mPASS PATTERN NO.1312[00m
[38;5;31mPASS PATTERN NO.1313[00m
[38;5;26mPASS PATTERN NO.1314[00m
[38;5;21mPASS PATTERN NO.1315[00m
[38;5;56mPASS PATTERN NO.1316[00m
[38;5;91mPASS PATTERN NO.1317[00m
[38;5;126mPASS PATTERN NO.1318[00m
[38;5;161mPASS PATTERN NO.1319[00m
[38;5;196mPASS PATTERN NO.1320[00m
[38;5;166mPASS PATTERN NO.1321[00m
[38;5;136mPASS PATTERN NO.1322[00m
[38;5;106mPASS PATTERN NO.1323[00m
[38;5;76mPASS PATTERN NO.1324[00m
[38;5;46mPASS PATTERN NO.1325[00m
[38;5;41mPASS PATTERN NO.1326[00m
[38;5;36mPASS PATTERN NO.1327[00m
[38;5;31mPASS PATTERN NO.1328[00m
[38;5;26mPASS PATTERN NO.1329[00m
[38;5;21mPASS PATTERN NO.1330[00m
[38;5;56mPASS PATTERN NO.1331[00m
[38;5;91mPASS PATTERN NO.1332[00m
[38;5;126mPASS PATTERN NO.1333[00m
[38;5;161mPASS PATTERN NO.1334[00m
[38;5;196mPASS PATTERN NO.1335[00m
[38;5;166mPASS PATTERN NO.1336[00m
[38;5;136mPASS PATTERN NO.1337[00m
[38;5;106mPASS PATTERN NO.1338[00m
[38;5;76mPASS PATTERN NO.1339[00m
[38;5;46mPASS PATTERN NO.1340[00m
[38;5;41mPASS PATTERN NO.1341[00m
[38;5;36mPASS PATTERN NO.1342[00m
[38;5;31mPASS PATTERN NO.1343[00m
[38;5;26mPASS PATTERN NO.1344[00m
[38;5;21mPASS PATTERN NO.1345[00m
[38;5;56mPASS PATTERN NO.1346[00m
[38;5;91mPASS PATTERN NO.1347[00m
[38;5;126mPASS PATTERN NO.1348[00m
[38;5;161mPASS PATTERN NO.1349[00m
[38;5;196mPASS PATTERN NO.1350[00m
[38;5;166mPASS PATTERN NO.1351[00m
[38;5;136mPASS PATTERN NO.1352[00m
[38;5;106mPASS PATTERN NO.1353[00m
[38;5;76mPASS PATTERN NO.1354[00m
[38;5;46mPASS PATTERN NO.1355[00m
[38;5;41mPASS PATTERN NO.1356[00m
[38;5;36mPASS PATTERN NO.1357[00m
[38;5;31mPASS PATTERN NO.1358[00m
[38;5;26mPASS PATTERN NO.1359[00m
[38;5;21mPASS PATTERN NO.1360[00m
[38;5;56mPASS PATTERN NO.1361[00m
[38;5;91mPASS PATTERN NO.1362[00m
[38;5;126mPASS PATTERN NO.1363[00m
[38;5;161mPASS PATTERN NO.1364[00m
[38;5;196mPASS PATTERN NO.1365[00m
[38;5;166mPASS PATTERN NO.1366[00m
[38;5;136mPASS PATTERN NO.1367[00m
[38;5;106mPASS PATTERN NO.1368[00m
[38;5;76mPASS PATTERN NO.1369[00m
[38;5;46mPASS PATTERN NO.1370[00m
[38;5;41mPASS PATTERN NO.1371[00m
[38;5;36mPASS PATTERN NO.1372[00m
[38;5;31mPASS PATTERN NO.1373[00m
[38;5;26mPASS PATTERN NO.1374[00m
[38;5;21mPASS PATTERN NO.1375[00m
[38;5;56mPASS PATTERN NO.1376[00m
[38;5;91mPASS PATTERN NO.1377[00m
[38;5;126mPASS PATTERN NO.1378[00m
[38;5;161mPASS PATTERN NO.1379[00m
[38;5;196mPASS PATTERN NO.1380[00m
[38;5;166mPASS PATTERN NO.1381[00m
[38;5;136mPASS PATTERN NO.1382[00m
[38;5;106mPASS PATTERN NO.1383[00m
[38;5;76mPASS PATTERN NO.1384[00m
[38;5;46mPASS PATTERN NO.1385[00m
[38;5;41mPASS PATTERN NO.1386[00m
[38;5;36mPASS PATTERN NO.1387[00m
[38;5;31mPASS PATTERN NO.1388[00m
[38;5;26mPASS PATTERN NO.1389[00m
[38;5;21mPASS PATTERN NO.1390[00m
[38;5;56mPASS PATTERN NO.1391[00m
[38;5;91mPASS PATTERN NO.1392[00m
[38;5;126mPASS PATTERN NO.1393[00m
[38;5;161mPASS PATTERN NO.1394[00m
[38;5;196mPASS PATTERN NO.1395[00m
[38;5;166mPASS PATTERN NO.1396[00m
[38;5;136mPASS PATTERN NO.1397[00m
[38;5;106mPASS PATTERN NO.1398[00m
[38;5;76mPASS PATTERN NO.1399[00m
[38;5;46mPASS PATTERN NO.1400[00m
[38;5;41mPASS PATTERN NO.1401[00m
[38;5;36mPASS PATTERN NO.1402[00m
[38;5;31mPASS PATTERN NO.1403[00m
[38;5;26mPASS PATTERN NO.1404[00m
[38;5;21mPASS PATTERN NO.1405[00m
[38;5;56mPASS PATTERN NO.1406[00m
[38;5;91mPASS PATTERN NO.1407[00m
[38;5;126mPASS PATTERN NO.1408[00m
[38;5;161mPASS PATTERN NO.1409[00m
[38;5;196mPASS PATTERN NO.1410[00m
[38;5;166mPASS PATTERN NO.1411[00m
[38;5;136mPASS PATTERN NO.1412[00m
[38;5;106mPASS PATTERN NO.1413[00m
[38;5;76mPASS PATTERN NO.1414[00m
[38;5;46mPASS PATTERN NO.1415[00m
[38;5;41mPASS PATTERN NO.1416[00m
[38;5;36mPASS PATTERN NO.1417[00m
[38;5;31mPASS PATTERN NO.1418[00m
[38;5;26mPASS PATTERN NO.1419[00m
[38;5;21mPASS PATTERN NO.1420[00m
[38;5;56mPASS PATTERN NO.1421[00m
[38;5;91mPASS PATTERN NO.1422[00m
[38;5;126mPASS PATTERN NO.1423[00m
[38;5;161mPASS PATTERN NO.1424[00m
[38;5;196mPASS PATTERN NO.1425[00m
[38;5;166mPASS PATTERN NO.1426[00m
[38;5;136mPASS PATTERN NO.1427[00m
[38;5;106mPASS PATTERN NO.1428[00m
[38;5;76mPASS PATTERN NO.1429[00m
[38;5;46mPASS PATTERN NO.1430[00m
[38;5;41mPASS PATTERN NO.1431[00m
[38;5;36mPASS PATTERN NO.1432[00m
[38;5;31mPASS PATTERN NO.1433[00m
[38;5;26mPASS PATTERN NO.1434[00m
[38;5;21mPASS PATTERN NO.1435[00m
[38;5;56mPASS PATTERN NO.1436[00m
[38;5;91mPASS PATTERN NO.1437[00m
[38;5;126mPASS PATTERN NO.1438[00m
[38;5;161mPASS PATTERN NO.1439[00m
[38;5;196mPASS PATTERN NO.1440[00m
[38;5;166mPASS PATTERN NO.1441[00m
[38;5;136mPASS PATTERN NO.1442[00m
[38;5;106mPASS PATTERN NO.1443[00m
[38;5;76mPASS PATTERN NO.1444[00m
[38;5;46mPASS PATTERN NO.1445[00m
[38;5;41mPASS PATTERN NO.1446[00m
[38;5;36mPASS PATTERN NO.1447[00m
[38;5;31mPASS PATTERN NO.1448[00m
[38;5;26mPASS PATTERN NO.1449[00m
[38;5;21mPASS PATTERN NO.1450[00m
[38;5;56mPASS PATTERN NO.1451[00m
[38;5;91mPASS PATTERN NO.1452[00m
[38;5;126mPASS PATTERN NO.1453[00m
[38;5;161mPASS PATTERN NO.1454[00m
[38;5;196mPASS PATTERN NO.1455[00m
[38;5;166mPASS PATTERN NO.1456[00m
[38;5;136mPASS PATTERN NO.1457[00m
[38;5;106mPASS PATTERN NO.1458[00m
[38;5;76mPASS PATTERN NO.1459[00m
[38;5;46mPASS PATTERN NO.1460[00m
[38;5;41mPASS PATTERN NO.1461[00m
[38;5;36mPASS PATTERN NO.1462[00m
[38;5;31mPASS PATTERN NO.1463[00m
[38;5;26mPASS PATTERN NO.1464[00m
[38;5;21mPASS PATTERN NO.1465[00m
[38;5;56mPASS PATTERN NO.1466[00m
[38;5;91mPASS PATTERN NO.1467[00m
[38;5;126mPASS PATTERN NO.1468[00m
[38;5;161mPASS PATTERN NO.1469[00m
[38;5;196mPASS PATTERN NO.1470[00m
[38;5;166mPASS PATTERN NO.1471[00m
[38;5;136mPASS PATTERN NO.1472[00m
[38;5;106mPASS PATTERN NO.1473[00m
[38;5;76mPASS PATTERN NO.1474[00m
[38;5;46mPASS PATTERN NO.1475[00m
[38;5;41mPASS PATTERN NO.1476[00m
[38;5;36mPASS PATTERN NO.1477[00m
[38;5;31mPASS PATTERN NO.1478[00m
[38;5;26mPASS PATTERN NO.1479[00m
[38;5;21mPASS PATTERN NO.1480[00m
[38;5;56mPASS PATTERN NO.1481[00m
[38;5;91mPASS PATTERN NO.1482[00m
[38;5;126mPASS PATTERN NO.1483[00m
[38;5;161mPASS PATTERN NO.1484[00m
[38;5;196mPASS PATTERN NO.1485[00m
[38;5;166mPASS PATTERN NO.1486[00m
[38;5;136mPASS PATTERN NO.1487[00m
[38;5;106mPASS PATTERN NO.1488[00m
[38;5;76mPASS PATTERN NO.1489[00m
[38;5;46mPASS PATTERN NO.1490[00m
[38;5;41mPASS PATTERN NO.1491[00m
[38;5;36mPASS PATTERN NO.1492[00m
[38;5;31mPASS PATTERN NO.1493[00m
[38;5;26mPASS PATTERN NO.1494[00m
[38;5;21mPASS PATTERN NO.1495[00m
[38;5;56mPASS PATTERN NO.1496[00m
[38;5;91mPASS PATTERN NO.1497[00m
[38;5;126mPASS PATTERN NO.1498[00m
[38;5;161mPASS PATTERN NO.1499[00m
[38;5;196mPASS PATTERN NO.1500[00m
[38;5;166mPASS PATTERN NO.1501[00m
[38;5;136mPASS PATTERN NO.1502[00m
[38;5;106mPASS PATTERN NO.1503[00m
[38;5;76mPASS PATTERN NO.1504[00m
[38;5;46mPASS PATTERN NO.1505[00m
[38;5;41mPASS PATTERN NO.1506[00m
[38;5;36mPASS PATTERN NO.1507[00m
[38;5;31mPASS PATTERN NO.1508[00m
[38;5;26mPASS PATTERN NO.1509[00m
[38;5;21mPASS PATTERN NO.1510[00m
[38;5;56mPASS PATTERN NO.1511[00m
[38;5;91mPASS PATTERN NO.1512[00m
[38;5;126mPASS PATTERN NO.1513[00m
[38;5;161mPASS PATTERN NO.1514[00m
[38;5;196mPASS PATTERN NO.1515[00m
[38;5;166mPASS PATTERN NO.1516[00m
[38;5;136mPASS PATTERN NO.1517[00m
[38;5;106mPASS PATTERN NO.1518[00m
[38;5;76mPASS PATTERN NO.1519[00m
[38;5;46mPASS PATTERN NO.1520[00m
[38;5;41mPASS PATTERN NO.1521[00m
[38;5;36mPASS PATTERN NO.1522[00m
[38;5;31mPASS PATTERN NO.1523[00m
[38;5;26mPASS PATTERN NO.1524[00m
[38;5;21mPASS PATTERN NO.1525[00m
[38;5;56mPASS PATTERN NO.1526[00m
[38;5;91mPASS PATTERN NO.1527[00m
[38;5;126mPASS PATTERN NO.1528[00m
[38;5;161mPASS PATTERN NO.1529[00m
[38;5;196mPASS PATTERN NO.1530[00m
[38;5;166mPASS PATTERN NO.1531[00m
[38;5;136mPASS PATTERN NO.1532[00m
[38;5;106mPASS PATTERN NO.1533[00m
[38;5;76mPASS PATTERN NO.1534[00m
[38;5;46mPASS PATTERN NO.1535[00m
[38;5;41mPASS PATTERN NO.1536[00m
[38;5;36mPASS PATTERN NO.1537[00m
[38;5;31mPASS PATTERN NO.1538[00m
[38;5;26mPASS PATTERN NO.1539[00m
[38;5;21mPASS PATTERN NO.1540[00m
[38;5;56mPASS PATTERN NO.1541[00m
[38;5;91mPASS PATTERN NO.1542[00m
[38;5;126mPASS PATTERN NO.1543[00m
[38;5;161mPASS PATTERN NO.1544[00m
[38;5;196mPASS PATTERN NO.1545[00m
[38;5;166mPASS PATTERN NO.1546[00m
[38;5;136mPASS PATTERN NO.1547[00m
[38;5;106mPASS PATTERN NO.1548[00m
[38;5;76mPASS PATTERN NO.1549[00m
[38;5;46mPASS PATTERN NO.1550[00m
[38;5;41mPASS PATTERN NO.1551[00m
[38;5;36mPASS PATTERN NO.1552[00m
[38;5;31mPASS PATTERN NO.1553[00m
[38;5;26mPASS PATTERN NO.1554[00m
[38;5;21mPASS PATTERN NO.1555[00m
[38;5;56mPASS PATTERN NO.1556[00m
[38;5;91mPASS PATTERN NO.1557[00m
[38;5;126mPASS PATTERN NO.1558[00m
[38;5;161mPASS PATTERN NO.1559[00m
[38;5;196mPASS PATTERN NO.1560[00m
[38;5;166mPASS PATTERN NO.1561[00m
[38;5;136mPASS PATTERN NO.1562[00m
[38;5;106mPASS PATTERN NO.1563[00m
[38;5;76mPASS PATTERN NO.1564[00m
[38;5;46mPASS PATTERN NO.1565[00m
[38;5;41mPASS PATTERN NO.1566[00m
[38;5;36mPASS PATTERN NO.1567[00m
[38;5;31mPASS PATTERN NO.1568[00m
[38;5;26mPASS PATTERN NO.1569[00m
[38;5;21mPASS PATTERN NO.1570[00m
[38;5;56mPASS PATTERN NO.1571[00m
[38;5;91mPASS PATTERN NO.1572[00m
[38;5;126mPASS PATTERN NO.1573[00m
[38;5;161mPASS PATTERN NO.1574[00m
[38;5;196mPASS PATTERN NO.1575[00m
[38;5;166mPASS PATTERN NO.1576[00m
[38;5;136mPASS PATTERN NO.1577[00m
[38;5;106mPASS PATTERN NO.1578[00m
[38;5;76mPASS PATTERN NO.1579[00m
[38;5;46mPASS PATTERN NO.1580[00m
[38;5;41mPASS PATTERN NO.1581[00m
[38;5;36mPASS PATTERN NO.1582[00m
[38;5;31mPASS PATTERN NO.1583[00m
[38;5;26mPASS PATTERN NO.1584[00m
[38;5;21mPASS PATTERN NO.1585[00m
[38;5;56mPASS PATTERN NO.1586[00m
[38;5;91mPASS PATTERN NO.1587[00m
[38;5;126mPASS PATTERN NO.1588[00m
[38;5;161mPASS PATTERN NO.1589[00m
[38;5;196mPASS PATTERN NO.1590[00m
[38;5;166mPASS PATTERN NO.1591[00m
[38;5;136mPASS PATTERN NO.1592[00m
[38;5;106mPASS PATTERN NO.1593[00m
[38;5;76mPASS PATTERN NO.1594[00m
[38;5;46mPASS PATTERN NO.1595[00m
[38;5;41mPASS PATTERN NO.1596[00m
[38;5;36mPASS PATTERN NO.1597[00m
[38;5;31mPASS PATTERN NO.1598[00m
[38;5;26mPASS PATTERN NO.1599[00m
[38;5;21mPASS PATTERN NO.1600[00m
[38;5;56mPASS PATTERN NO.1601[00m
[38;5;91mPASS PATTERN NO.1602[00m
[38;5;126mPASS PATTERN NO.1603[00m
[38;5;161mPASS PATTERN NO.1604[00m
[38;5;196mPASS PATTERN NO.1605[00m
[38;5;166mPASS PATTERN NO.1606[00m
[38;5;136mPASS PATTERN NO.1607[00m
[38;5;106mPASS PATTERN NO.1608[00m
[38;5;76mPASS PATTERN NO.1609[00m
[38;5;46mPASS PATTERN NO.1610[00m
[38;5;41mPASS PATTERN NO.1611[00m
[38;5;36mPASS PATTERN NO.1612[00m
[38;5;31mPASS PATTERN NO.1613[00m
[38;5;26mPASS PATTERN NO.1614[00m
[38;5;21mPASS PATTERN NO.1615[00m
[38;5;56mPASS PATTERN NO.1616[00m
[38;5;91mPASS PATTERN NO.1617[00m
[38;5;126mPASS PATTERN NO.1618[00m
[38;5;161mPASS PATTERN NO.1619[00m
[38;5;196mPASS PATTERN NO.1620[00m
[38;5;166mPASS PATTERN NO.1621[00m
[38;5;136mPASS PATTERN NO.1622[00m
[38;5;106mPASS PATTERN NO.1623[00m
[38;5;76mPASS PATTERN NO.1624[00m
[38;5;46mPASS PATTERN NO.1625[00m
[38;5;41mPASS PATTERN NO.1626[00m
[38;5;36mPASS PATTERN NO.1627[00m
[38;5;31mPASS PATTERN NO.1628[00m
[38;5;26mPASS PATTERN NO.1629[00m
[38;5;21mPASS PATTERN NO.1630[00m
[38;5;56mPASS PATTERN NO.1631[00m
[38;5;91mPASS PATTERN NO.1632[00m
[38;5;126mPASS PATTERN NO.1633[00m
[38;5;161mPASS PATTERN NO.1634[00m
[38;5;196mPASS PATTERN NO.1635[00m
[38;5;166mPASS PATTERN NO.1636[00m
[38;5;136mPASS PATTERN NO.1637[00m
[38;5;106mPASS PATTERN NO.1638[00m
[38;5;76mPASS PATTERN NO.1639[00m
[38;5;46mPASS PATTERN NO.1640[00m
[38;5;41mPASS PATTERN NO.1641[00m
[38;5;36mPASS PATTERN NO.1642[00m
[38;5;31mPASS PATTERN NO.1643[00m
[38;5;26mPASS PATTERN NO.1644[00m
[38;5;21mPASS PATTERN NO.1645[00m
[38;5;56mPASS PATTERN NO.1646[00m
[38;5;91mPASS PATTERN NO.1647[00m
[38;5;126mPASS PATTERN NO.1648[00m
[38;5;161mPASS PATTERN NO.1649[00m
[38;5;196mPASS PATTERN NO.1650[00m
[38;5;166mPASS PATTERN NO.1651[00m
[38;5;136mPASS PATTERN NO.1652[00m
[38;5;106mPASS PATTERN NO.1653[00m
[38;5;76mPASS PATTERN NO.1654[00m
[38;5;46mPASS PATTERN NO.1655[00m
[38;5;41mPASS PATTERN NO.1656[00m
[38;5;36mPASS PATTERN NO.1657[00m
[38;5;31mPASS PATTERN NO.1658[00m
[38;5;26mPASS PATTERN NO.1659[00m
[38;5;21mPASS PATTERN NO.1660[00m
[38;5;56mPASS PATTERN NO.1661[00m
[38;5;91mPASS PATTERN NO.1662[00m
[38;5;126mPASS PATTERN NO.1663[00m
[38;5;161mPASS PATTERN NO.1664[00m
[38;5;196mPASS PATTERN NO.1665[00m
[38;5;166mPASS PATTERN NO.1666[00m
[38;5;136mPASS PATTERN NO.1667[00m
[38;5;106mPASS PATTERN NO.1668[00m
[38;5;76mPASS PATTERN NO.1669[00m
[38;5;46mPASS PATTERN NO.1670[00m
[38;5;41mPASS PATTERN NO.1671[00m
[38;5;36mPASS PATTERN NO.1672[00m
[38;5;31mPASS PATTERN NO.1673[00m
[38;5;26mPASS PATTERN NO.1674[00m
[38;5;21mPASS PATTERN NO.1675[00m
[38;5;56mPASS PATTERN NO.1676[00m
[38;5;91mPASS PATTERN NO.1677[00m
[38;5;126mPASS PATTERN NO.1678[00m
[38;5;161mPASS PATTERN NO.1679[00m
[38;5;196mPASS PATTERN NO.1680[00m
[38;5;166mPASS PATTERN NO.1681[00m
[38;5;136mPASS PATTERN NO.1682[00m
[38;5;106mPASS PATTERN NO.1683[00m
[38;5;76mPASS PATTERN NO.1684[00m
[38;5;46mPASS PATTERN NO.1685[00m
[38;5;41mPASS PATTERN NO.1686[00m
[38;5;36mPASS PATTERN NO.1687[00m
[38;5;31mPASS PATTERN NO.1688[00m
[38;5;26mPASS PATTERN NO.1689[00m
[38;5;21mPASS PATTERN NO.1690[00m
[38;5;56mPASS PATTERN NO.1691[00m
[38;5;91mPASS PATTERN NO.1692[00m
[38;5;126mPASS PATTERN NO.1693[00m
[38;5;161mPASS PATTERN NO.1694[00m
[38;5;196mPASS PATTERN NO.1695[00m
[38;5;166mPASS PATTERN NO.1696[00m
[38;5;136mPASS PATTERN NO.1697[00m
[38;5;106mPASS PATTERN NO.1698[00m
[38;5;76mPASS PATTERN NO.1699[00m
[38;5;46mPASS PATTERN NO.1700[00m
[38;5;41mPASS PATTERN NO.1701[00m
[38;5;36mPASS PATTERN NO.1702[00m
[38;5;31mPASS PATTERN NO.1703[00m
[38;5;26mPASS PATTERN NO.1704[00m
[38;5;21mPASS PATTERN NO.1705[00m
[38;5;56mPASS PATTERN NO.1706[00m
[38;5;91mPASS PATTERN NO.1707[00m
[38;5;126mPASS PATTERN NO.1708[00m
[38;5;161mPASS PATTERN NO.1709[00m
[38;5;196mPASS PATTERN NO.1710[00m
[38;5;166mPASS PATTERN NO.1711[00m
[38;5;136mPASS PATTERN NO.1712[00m
[38;5;106mPASS PATTERN NO.1713[00m
[38;5;76mPASS PATTERN NO.1714[00m
[38;5;46mPASS PATTERN NO.1715[00m
[38;5;41mPASS PATTERN NO.1716[00m
[38;5;36mPASS PATTERN NO.1717[00m
[38;5;31mPASS PATTERN NO.1718[00m
[38;5;26mPASS PATTERN NO.1719[00m
[38;5;21mPASS PATTERN NO.1720[00m
[38;5;56mPASS PATTERN NO.1721[00m
[38;5;91mPASS PATTERN NO.1722[00m
[38;5;126mPASS PATTERN NO.1723[00m
[38;5;161mPASS PATTERN NO.1724[00m
[38;5;196mPASS PATTERN NO.1725[00m
[38;5;166mPASS PATTERN NO.1726[00m
[38;5;136mPASS PATTERN NO.1727[00m
[38;5;106mPASS PATTERN NO.1728[00m
[38;5;76mPASS PATTERN NO.1729[00m
[38;5;46mPASS PATTERN NO.1730[00m
[38;5;41mPASS PATTERN NO.1731[00m
[38;5;36mPASS PATTERN NO.1732[00m
[38;5;31mPASS PATTERN NO.1733[00m
[38;5;26mPASS PATTERN NO.1734[00m
[38;5;21mPASS PATTERN NO.1735[00m
[38;5;56mPASS PATTERN NO.1736[00m
[38;5;91mPASS PATTERN NO.1737[00m
[38;5;126mPASS PATTERN NO.1738[00m
[38;5;161mPASS PATTERN NO.1739[00m
[38;5;196mPASS PATTERN NO.1740[00m
[38;5;166mPASS PATTERN NO.1741[00m
[38;5;136mPASS PATTERN NO.1742[00m
[38;5;106mPASS PATTERN NO.1743[00m
[38;5;76mPASS PATTERN NO.1744[00m
[38;5;46mPASS PATTERN NO.1745[00m
[38;5;41mPASS PATTERN NO.1746[00m
[38;5;36mPASS PATTERN NO.1747[00m
[38;5;31mPASS PATTERN NO.1748[00m
[38;5;26mPASS PATTERN NO.1749[00m
[38;5;21mPASS PATTERN NO.1750[00m
[38;5;56mPASS PATTERN NO.1751[00m
[38;5;91mPASS PATTERN NO.1752[00m
[38;5;126mPASS PATTERN NO.1753[00m
[38;5;161mPASS PATTERN NO.1754[00m
[38;5;196mPASS PATTERN NO.1755[00m
[38;5;166mPASS PATTERN NO.1756[00m
[38;5;136mPASS PATTERN NO.1757[00m
[38;5;106mPASS PATTERN NO.1758[00m
[38;5;76mPASS PATTERN NO.1759[00m
[38;5;46mPASS PATTERN NO.1760[00m
[38;5;41mPASS PATTERN NO.1761[00m
[38;5;36mPASS PATTERN NO.1762[00m
[38;5;31mPASS PATTERN NO.1763[00m
[38;5;26mPASS PATTERN NO.1764[00m
[38;5;21mPASS PATTERN NO.1765[00m
[38;5;56mPASS PATTERN NO.1766[00m
[38;5;91mPASS PATTERN NO.1767[00m
[38;5;126mPASS PATTERN NO.1768[00m
[38;5;161mPASS PATTERN NO.1769[00m
[38;5;196mPASS PATTERN NO.1770[00m
[38;5;166mPASS PATTERN NO.1771[00m
[38;5;136mPASS PATTERN NO.1772[00m
[38;5;106mPASS PATTERN NO.1773[00m
[38;5;76mPASS PATTERN NO.1774[00m
[38;5;46mPASS PATTERN NO.1775[00m
[38;5;41mPASS PATTERN NO.1776[00m
[38;5;36mPASS PATTERN NO.1777[00m
[38;5;31mPASS PATTERN NO.1778[00m
[38;5;26mPASS PATTERN NO.1779[00m
[38;5;21mPASS PATTERN NO.1780[00m
[38;5;56mPASS PATTERN NO.1781[00m
[38;5;91mPASS PATTERN NO.1782[00m
[38;5;126mPASS PATTERN NO.1783[00m
[38;5;161mPASS PATTERN NO.1784[00m
[38;5;196mPASS PATTERN NO.1785[00m
[38;5;166mPASS PATTERN NO.1786[00m
[38;5;136mPASS PATTERN NO.1787[00m
[38;5;106mPASS PATTERN NO.1788[00m
[38;5;76mPASS PATTERN NO.1789[00m
[38;5;46mPASS PATTERN NO.1790[00m
[38;5;41mPASS PATTERN NO.1791[00m
[38;5;36mPASS PATTERN NO.1792[00m
[38;5;31mPASS PATTERN NO.1793[00m
[38;5;26mPASS PATTERN NO.1794[00m
[38;5;21mPASS PATTERN NO.1795[00m
[38;5;56mPASS PATTERN NO.1796[00m
[38;5;91mPASS PATTERN NO.1797[00m
[38;5;126mPASS PATTERN NO.1798[00m
[38;5;161mPASS PATTERN NO.1799[00m
[38;5;196mPASS PATTERN NO.1800[00m
[38;5;166mPASS PATTERN NO.1801[00m
[38;5;136mPASS PATTERN NO.1802[00m
[38;5;106mPASS PATTERN NO.1803[00m
[38;5;76mPASS PATTERN NO.1804[00m
[38;5;46mPASS PATTERN NO.1805[00m
[38;5;41mPASS PATTERN NO.1806[00m
[38;5;36mPASS PATTERN NO.1807[00m
[38;5;31mPASS PATTERN NO.1808[00m
[38;5;26mPASS PATTERN NO.1809[00m
[38;5;21mPASS PATTERN NO.1810[00m
[38;5;56mPASS PATTERN NO.1811[00m
[38;5;91mPASS PATTERN NO.1812[00m
[38;5;126mPASS PATTERN NO.1813[00m
[38;5;161mPASS PATTERN NO.1814[00m
[38;5;196mPASS PATTERN NO.1815[00m
[38;5;166mPASS PATTERN NO.1816[00m
[38;5;136mPASS PATTERN NO.1817[00m
[38;5;106mPASS PATTERN NO.1818[00m
[38;5;76mPASS PATTERN NO.1819[00m
[38;5;46mPASS PATTERN NO.1820[00m
[38;5;41mPASS PATTERN NO.1821[00m
[38;5;36mPASS PATTERN NO.1822[00m
[38;5;31mPASS PATTERN NO.1823[00m
[38;5;26mPASS PATTERN NO.1824[00m
[38;5;21mPASS PATTERN NO.1825[00m
[38;5;56mPASS PATTERN NO.1826[00m
[38;5;91mPASS PATTERN NO.1827[00m
[38;5;126mPASS PATTERN NO.1828[00m
[38;5;161mPASS PATTERN NO.1829[00m
[38;5;196mPASS PATTERN NO.1830[00m
[38;5;166mPASS PATTERN NO.1831[00m
[38;5;136mPASS PATTERN NO.1832[00m
[38;5;106mPASS PATTERN NO.1833[00m
[38;5;76mPASS PATTERN NO.1834[00m
[38;5;46mPASS PATTERN NO.1835[00m
[38;5;41mPASS PATTERN NO.1836[00m
[38;5;36mPASS PATTERN NO.1837[00m
[38;5;31mPASS PATTERN NO.1838[00m
[38;5;26mPASS PATTERN NO.1839[00m
[38;5;21mPASS PATTERN NO.1840[00m
[38;5;56mPASS PATTERN NO.1841[00m
[38;5;91mPASS PATTERN NO.1842[00m
[38;5;126mPASS PATTERN NO.1843[00m
[38;5;161mPASS PATTERN NO.1844[00m
[38;5;196mPASS PATTERN NO.1845[00m
[38;5;166mPASS PATTERN NO.1846[00m
[38;5;136mPASS PATTERN NO.1847[00m
[38;5;106mPASS PATTERN NO.1848[00m
[38;5;76mPASS PATTERN NO.1849[00m
[38;5;46mPASS PATTERN NO.1850[00m
[38;5;41mPASS PATTERN NO.1851[00m
[38;5;36mPASS PATTERN NO.1852[00m
[38;5;31mPASS PATTERN NO.1853[00m
[38;5;26mPASS PATTERN NO.1854[00m
[38;5;21mPASS PATTERN NO.1855[00m
[38;5;56mPASS PATTERN NO.1856[00m
[38;5;91mPASS PATTERN NO.1857[00m
[38;5;126mPASS PATTERN NO.1858[00m
[38;5;161mPASS PATTERN NO.1859[00m
[38;5;196mPASS PATTERN NO.1860[00m
[38;5;166mPASS PATTERN NO.1861[00m
[38;5;136mPASS PATTERN NO.1862[00m
[38;5;106mPASS PATTERN NO.1863[00m
[38;5;76mPASS PATTERN NO.1864[00m
[38;5;46mPASS PATTERN NO.1865[00m
[38;5;41mPASS PATTERN NO.1866[00m
[38;5;36mPASS PATTERN NO.1867[00m
[38;5;31mPASS PATTERN NO.1868[00m
[38;5;26mPASS PATTERN NO.1869[00m
[38;5;21mPASS PATTERN NO.1870[00m
[38;5;56mPASS PATTERN NO.1871[00m
[38;5;91mPASS PATTERN NO.1872[00m
[38;5;126mPASS PATTERN NO.1873[00m
[38;5;161mPASS PATTERN NO.1874[00m
[38;5;196mPASS PATTERN NO.1875[00m
[38;5;166mPASS PATTERN NO.1876[00m
[38;5;136mPASS PATTERN NO.1877[00m
[38;5;106mPASS PATTERN NO.1878[00m
[38;5;76mPASS PATTERN NO.1879[00m
[38;5;46mPASS PATTERN NO.1880[00m
[38;5;41mPASS PATTERN NO.1881[00m
[38;5;36mPASS PATTERN NO.1882[00m
[38;5;31mPASS PATTERN NO.1883[00m
[38;5;26mPASS PATTERN NO.1884[00m
[38;5;21mPASS PATTERN NO.1885[00m
[38;5;56mPASS PATTERN NO.1886[00m
[38;5;91mPASS PATTERN NO.1887[00m
[38;5;126mPASS PATTERN NO.1888[00m
[38;5;161mPASS PATTERN NO.1889[00m
[38;5;196mPASS PATTERN NO.1890[00m
[38;5;166mPASS PATTERN NO.1891[00m
[38;5;136mPASS PATTERN NO.1892[00m
[38;5;106mPASS PATTERN NO.1893[00m
[38;5;76mPASS PATTERN NO.1894[00m
[38;5;46mPASS PATTERN NO.1895[00m
[38;5;41mPASS PATTERN NO.1896[00m
[38;5;36mPASS PATTERN NO.1897[00m
[38;5;31mPASS PATTERN NO.1898[00m
[38;5;26mPASS PATTERN NO.1899[00m
[38;5;21mPASS PATTERN NO.1900[00m
[38;5;56mPASS PATTERN NO.1901[00m
[38;5;91mPASS PATTERN NO.1902[00m
[38;5;126mPASS PATTERN NO.1903[00m
[38;5;161mPASS PATTERN NO.1904[00m
[38;5;196mPASS PATTERN NO.1905[00m
[38;5;166mPASS PATTERN NO.1906[00m
[38;5;136mPASS PATTERN NO.1907[00m
[38;5;106mPASS PATTERN NO.1908[00m
[38;5;76mPASS PATTERN NO.1909[00m
[38;5;46mPASS PATTERN NO.1910[00m
[38;5;41mPASS PATTERN NO.1911[00m
[38;5;36mPASS PATTERN NO.1912[00m
[38;5;31mPASS PATTERN NO.1913[00m
[38;5;26mPASS PATTERN NO.1914[00m
[38;5;21mPASS PATTERN NO.1915[00m
[38;5;56mPASS PATTERN NO.1916[00m
[38;5;91mPASS PATTERN NO.1917[00m
[38;5;126mPASS PATTERN NO.1918[00m
[38;5;161mPASS PATTERN NO.1919[00m
[38;5;196mPASS PATTERN NO.1920[00m
[38;5;166mPASS PATTERN NO.1921[00m
[38;5;136mPASS PATTERN NO.1922[00m
[38;5;106mPASS PATTERN NO.1923[00m
[38;5;76mPASS PATTERN NO.1924[00m
[38;5;46mPASS PATTERN NO.1925[00m
[38;5;41mPASS PATTERN NO.1926[00m
[38;5;36mPASS PATTERN NO.1927[00m
[38;5;31mPASS PATTERN NO.1928[00m
[38;5;26mPASS PATTERN NO.1929[00m
[38;5;21mPASS PATTERN NO.1930[00m
[38;5;56mPASS PATTERN NO.1931[00m
[38;5;91mPASS PATTERN NO.1932[00m
[38;5;126mPASS PATTERN NO.1933[00m
[38;5;161mPASS PATTERN NO.1934[00m
[38;5;196mPASS PATTERN NO.1935[00m
[38;5;166mPASS PATTERN NO.1936[00m
[38;5;136mPASS PATTERN NO.1937[00m
[38;5;106mPASS PATTERN NO.1938[00m
[38;5;76mPASS PATTERN NO.1939[00m
[38;5;46mPASS PATTERN NO.1940[00m
[38;5;41mPASS PATTERN NO.1941[00m
[38;5;36mPASS PATTERN NO.1942[00m
[38;5;31mPASS PATTERN NO.1943[00m
[38;5;26mPASS PATTERN NO.1944[00m
[38;5;21mPASS PATTERN NO.1945[00m
[38;5;56mPASS PATTERN NO.1946[00m
[38;5;91mPASS PATTERN NO.1947[00m
[38;5;126mPASS PATTERN NO.1948[00m
[38;5;161mPASS PATTERN NO.1949[00m
[38;5;196mPASS PATTERN NO.1950[00m
[38;5;166mPASS PATTERN NO.1951[00m
[38;5;136mPASS PATTERN NO.1952[00m
[38;5;106mPASS PATTERN NO.1953[00m
[38;5;76mPASS PATTERN NO.1954[00m
[38;5;46mPASS PATTERN NO.1955[00m
[38;5;41mPASS PATTERN NO.1956[00m
[38;5;36mPASS PATTERN NO.1957[00m
[38;5;31mPASS PATTERN NO.1958[00m
[38;5;26mPASS PATTERN NO.1959[00m
[38;5;21mPASS PATTERN NO.1960[00m
[38;5;56mPASS PATTERN NO.1961[00m
[38;5;91mPASS PATTERN NO.1962[00m
[38;5;126mPASS PATTERN NO.1963[00m
[38;5;161mPASS PATTERN NO.1964[00m
[38;5;196mPASS PATTERN NO.1965[00m
[38;5;166mPASS PATTERN NO.1966[00m
[38;5;136mPASS PATTERN NO.1967[00m
[38;5;106mPASS PATTERN NO.1968[00m
[38;5;76mPASS PATTERN NO.1969[00m
[38;5;46mPASS PATTERN NO.1970[00m
[38;5;41mPASS PATTERN NO.1971[00m
[38;5;36mPASS PATTERN NO.1972[00m
[38;5;31mPASS PATTERN NO.1973[00m
[38;5;26mPASS PATTERN NO.1974[00m
[38;5;21mPASS PATTERN NO.1975[00m
[38;5;56mPASS PATTERN NO.1976[00m
[38;5;91mPASS PATTERN NO.1977[00m
[38;5;126mPASS PATTERN NO.1978[00m
[38;5;161mPASS PATTERN NO.1979[00m
[38;5;196mPASS PATTERN NO.1980[00m
[38;5;166mPASS PATTERN NO.1981[00m
[38;5;136mPASS PATTERN NO.1982[00m
[38;5;106mPASS PATTERN NO.1983[00m
[38;5;76mPASS PATTERN NO.1984[00m
[38;5;46mPASS PATTERN NO.1985[00m
[38;5;41mPASS PATTERN NO.1986[00m
[38;5;36mPASS PATTERN NO.1987[00m
[38;5;31mPASS PATTERN NO.1988[00m
[38;5;26mPASS PATTERN NO.1989[00m
[38;5;21mPASS PATTERN NO.1990[00m
[38;5;56mPASS PATTERN NO.1991[00m
[38;5;91mPASS PATTERN NO.1992[00m
[38;5;126mPASS PATTERN NO.1993[00m
[38;5;161mPASS PATTERN NO.1994[00m
[38;5;196mPASS PATTERN NO.1995[00m
[38;5;166mPASS PATTERN NO.1996[00m
[38;5;136mPASS PATTERN NO.1997[00m
[38;5;106mPASS PATTERN NO.1998[00m
[38;5;76mPASS PATTERN NO.1999[00m
[38;5;46mPASS PATTERN NO.2000[00m
[38;5;41mPASS PATTERN NO.2001[00m
[38;5;36mPASS PATTERN NO.2002[00m
[38;5;31mPASS PATTERN NO.2003[00m
[38;5;26mPASS PATTERN NO.2004[00m
[38;5;21mPASS PATTERN NO.2005[00m
[38;5;56mPASS PATTERN NO.2006[00m
[38;5;91mPASS PATTERN NO.2007[00m
[38;5;126mPASS PATTERN NO.2008[00m
[38;5;161mPASS PATTERN NO.2009[00m
[38;5;196mPASS PATTERN NO.2010[00m
[38;5;166mPASS PATTERN NO.2011[00m
----------------------------------------------------------------------------------------------------------------------
                                                  Congratulations!                                                    
                                           You have passed all patterns!                                              
                                                                                                                      
                                        Your execution cycles   =    26 cycles                                          
                                        Your clock period       = 7.0 ns                                             
                                        Total latency           = 14259.0 ns                                             
----------------------------------------------------------------------------------------------------------------------
Simulation complete via $finish(1) at time 1491128500 PS + 0
./PATTERN.v:279 $finish;    
ncsim> exit
TOOL:	ncverilog	15.20-s039: Exiting on Jun 19, 2022 at 22:20:58 CST  (total: 00:00:11)
